<html>
<head>
<title>TestNG:  Default test</title>
<link href="../testng.css" rel="stylesheet" type="text/css" />
<link href="../my-testng.css" rel="stylesheet" type="text/css" />

<style type="text/css">
.log { display: none;} 
.stack-trace { display: none;} 
</style>
<script type="text/javascript">
<!--
function flip(e) {
  current = e.style.display;
  if (current == 'block') {
    e.style.display = 'none';
    return 0;
  }
  else {
    e.style.display = 'block';
    return 1;
  }
}

function toggleBox(szDivId, elem, msg1, msg2)
{
  var res = -1;  if (document.getElementById) {
    res = flip(document.getElementById(szDivId));
  }
  else if (document.all) {
    // this is the way old msie versions work
    res = flip(document.all[szDivId]);
  }
  if(elem) {
    if(res == 0) elem.innerHTML = msg1; else elem.innerHTML = msg2;
  }

}

function toggleAllBoxes() {
  if (document.getElementsByTagName) {
    d = document.getElementsByTagName('div');
    for (i = 0; i < d.length; i++) {
      if (d[i].className == 'log') {
        flip(d[i]);
      }
    }
  }
}

// -->
</script>

</head>
<body>
<h2 align='center'>Default test</h2><table border='1' align="center">
<tr>
<td>Tests passed/Failed/Skipped:</td><td>6/10/0</td>
</tr><tr>
<td>Started on:</td><td>Tue Mar 16 19:19:29 IST 2021</td>
</tr>
<tr><td>Total time:</td><td>181 seconds (181172 ms)</td>
</tr><tr>
<td>Included groups:</td><td></td>
</tr><tr>
<td>Excluded groups:</td><td></td>
</tr>
</table><p/>
<small><i>(Hover the method name to see the test class name)</i></small><p/>
<table width='100%' border='1' class='invocation-failed'>
<tr><td colspan='4' align='center'><b>FAILED TESTS</b></td></tr>
<tr><td><b>Test method</b></td>
<td width="30%"><b>Exception</b></td>
<td width="10%"><b>Time (seconds)</b></td>
<td><b>Instance</b></td>
</tr>
<tr>
<td title='com.SeleniumTopics.TestNg.TestNgLoadTesting.testGoogleSearch()'><b>testGoogleSearch</b><br>Test class: com.SeleniumTopics.TestNg.TestNgLoadTesting</td>
<td><div><pre>org.openqa.selenium.SessionNotCreatedException: session not created
from disconnected: received Inspector.detached event
  (Session info: chrome=89.0.4389.82)
Build info: version: &apos;3.141.59&apos;, revision: &apos;e82be7d358&apos;, time: &apos;2018-11-14T08:17:03&apos;
System info: host: &apos;DESKTOP-A9DN365&apos;, ip: &apos;192.168.1.4&apos;, os.name: &apos;Windows 10&apos;, os.arch: &apos;amd64&apos;, os.version: &apos;10.0&apos;, java.version: &apos;1.8.0_91&apos;
Driver info: driver.version: ChromeDriver
remote stacktrace: Backtrace:
	Ordinal0 [0x008AE7D3+124883]
	Ordinal0 [0x008AE7B1+124849]
	GetHandleVerifier [0x00AF8688+193832]
	GetHandleVerifier [0x00AECB71+145937]
	GetHandleVerifier [0x00AEC7F9+145049]
	GetHandleVerifier [0x00AEBF7D+142877]
	GetHandleVerifier [0x00AEB45E+140030]
	GetHandleVerifier [0x00AEB6E6+140678]
	GetHandleVerifier [0x00AEB025+138949]
	GetHandleVerifier [0x00AF4679+177433]
	GetHandleVerifier [0x00AEAFE1+138881]
	GetHandleVerifier [0x00AEBD62+142338]
	GetHandleVerifier [0x00AEB45E+140030]
	GetHandleVerifier [0x00AEB6E6+140678]
	GetHandleVerifier [0x00AEB025+138949]
	GetHandleVerifier [0x00AF2A0A+170154]
	GetHandleVerifier [0x00AEAFE1+138881]
	GetHandleVerifier [0x00AEBD62+142338]
	GetHandleVerifier [0x00AEB45E+140030]
	GetHandleVerifier [0x00AEB6E6+140678]
	GetHandleVerifier [0x00AEB025+138949]
	GetHandleVerifier [0x00AF0D69+162825]
	GetHandleVerifier [0x00AEAFE1+138881]
	GetHandleVerifier [0x00AEBD62+142338]
	GetHandleVerifier [0x00AEB45E+140030]
	GetHandleVerifier [0x00AEB6E6+140678]
	GetHandleVerifier [0x00AEB025+138949]
	GetHandleVerifier [0x00AF017C+159772]
	GetHandleVerifier [0x00AEAFE1+138881]
	GetHandleVerifier [0x00AEBD62+142338]
	GetHandleVerifier [0x00AEB45E+140030]
	GetHandleVerifier [0x00AEB6E6+140678]
	GetHandleVerifier [0x00AEB025+138949]
	GetHandleVerifier [0x00AE76ED+124301]
	GetHandleVerifier [0x00AEAFE1+138881]
	GetHandleVerifier [0x00AEAE03+138403]
	GetHandleVerifier [0x00AEABF7+137879]
	GetHandleVerifier [0x00AF9930+198608]
	GetHandleVerifier [0x00B35758+443896]
	GetHandleVerifier [0x00B347FC+439964]
	GetHandleVerifier [0x00B3154B+426987]
	GetHandleVerifier [0x00B14FFD+310941]
	GetHandleVerifier [0x00B15D8E+314414]
	GetHandleVerifier [0x00B15D19+314297]
	GetHandleVerifier [0x00BD31EC+1089676]
	GetHandleVerifier [0x00BD17C9+1082985]
	GetHandleVerifier [0x00BD13A3+1081923]
	GetHandleVerifier [0x00CCD9FD+2115741]
	Ordinal0 [0x009FB82E+1488942]
	Ordinal0 [0x00995A7D+1071741]
	Ordinal0 [0x0099559B+1070491]
	Ordinal0 [0x009954B1+1070257]
	Ordinal0 [0x009CFF53+1310547]
	BaseThreadInitThunk [0x7576FA29+25]
	RtlGetAppContainerNamedObjectPath [0x772F7C7E+286]
	RtlGetAppContainerNamedObjectPath [0x772F7C4E+238]

	at sun.reflect.NativeConstructorAccessorImpl.newInstance0(Native Method)
	at sun.reflect.NativeConstructorAccessorImpl.newInstance(NativeConstructorAccessorImpl.java:62)
	at sun.reflect.DelegatingConstructorAccessorImpl.newInstance(DelegatingConstructorAccessorImpl.java:45)
	at java.lang.reflect.Constructor.newInstance(Constructor.java:423)
	at org.openqa.selenium.remote.W3CHandshakeResponse.lambda$errorHandler$0(W3CHandshakeResponse.java:62)
	at org.openqa.selenium.remote.HandshakeResponse.lambda$getResponseFunction$0(HandshakeResponse.java:30)
	at org.openqa.selenium.remote.ProtocolHandshake.lambda$createSession$0(ProtocolHandshake.java:126)
	at java.util.stream.ReferencePipeline$3$1.accept(ReferencePipeline.java:193)
	at java.util.Spliterators$ArraySpliterator.tryAdvance(Spliterators.java:958)
	at java.util.stream.ReferencePipeline.forEachWithCancel(ReferencePipeline.java:126)
	at java.util.stream.AbstractPipeline.copyIntoWithCancel(AbstractPipeline.java:498)
	at java.util.stream.AbstractPipeline.copyInto(AbstractPipeline.java:485)
	at java.util.stream.AbstractPipeline.wrapAndCopyInto(AbstractPipeline.java:471)
	at java.util.stream.FindOps$FindOp.evaluateSequential(FindOps.java:152)
	at java.util.stream.AbstractPipeline.evaluate(AbstractPipeline.java:234)
	at java.util.stream.ReferencePipeline.findFirst(ReferencePipeline.java:464)
	at org.openqa.selenium.remote.ProtocolHandshake.createSession(ProtocolHandshake.java:128)
	at org.openqa.selenium.remote.ProtocolHandshake.createSession(ProtocolHandshake.java:74)
	at org.openqa.selenium.remote.HttpCommandExecutor.execute(HttpCommandExecutor.java:136)
	at org.openqa.selenium.remote.service.DriverCommandExecutor.execute(DriverCommandExecutor.java:83)
	at org.openqa.selenium.remote.RemoteWebDriver.execute(RemoteWebDriver.java:552)
	at org.openqa.selenium.remote.RemoteWebDriver.startSession(RemoteWebDriver.java:213)
	at org.openqa.selenium.remote.RemoteWebDriver.&lt;init&gt;(RemoteWebDriver.java:131)
	at org.openqa.selenium.chrome.ChromeDriver.&lt;init&gt;(ChromeDriver.java:181)
	at org.openqa.selenium.chrome.ChromeDriver.&lt;init&gt;(ChromeDriver.java:168)
	at org.openqa.selenium.chrome.ChromeDriver.&lt;init&gt;(ChromeDriver.java:123)
	at com.SeleniumTopics.TestNg.TestNgLoadTesting.testGoogleSearch(TestNgLoadTesting.java:34)
	at sun.reflect.NativeMethodAccessorImpl.invoke0(Native Method)
	at sun.reflect.NativeMethodAccessorImpl.invoke(NativeMethodAccessorImpl.java:62)
	at sun.reflect.DelegatingMethodAccessorImpl.invoke(DelegatingMethodAccessorImpl.java:43)
	at java.lang.reflect.Method.invoke(Method.java:498)
	at org.testng.internal.MethodInvocationHelper.invokeMethod(MethodInvocationHelper.java:124)
	at org.testng.internal.Invoker.invokeMethod(Invoker.java:580)
	at org.testng.internal.Invoker.invokeTestMethod(Invoker.java:716)
	at org.testng.internal.Invoker.invokeTestMethods(Invoker.java:988)
	at org.testng.internal.TestMethodWorker.invokeTestMethods(TestMethodWorker.java:125)
	at org.testng.internal.TestMethodWorker.run(TestMethodWorker.java:109)
	at org.testng.internal.thread.ThreadUtil$1.call(ThreadUtil.java:52)
	at java.util.concurrent.FutureTask.run(FutureTask.java:266)
	at java.util.concurrent.ThreadPoolExecutor.runWorker(ThreadPoolExecutor.java:1142)
	at java.util.concurrent.ThreadPoolExecutor$Worker.run(ThreadPoolExecutor.java:617)
	at java.lang.Thread.run(Thread.java:745)
</pre></div><a href='#' onClick='toggleBox("stack-trace1066221979", this, "Click to show all stack frames", "Click to hide stack frames")'>Click to show all stack frames</a>
<div class='stack-trace' id='stack-trace1066221979'><pre>org.openqa.selenium.SessionNotCreatedException: session not created
from disconnected: received Inspector.detached event
  (Session info: chrome=89.0.4389.82)
Build info: version: &apos;3.141.59&apos;, revision: &apos;e82be7d358&apos;, time: &apos;2018-11-14T08:17:03&apos;
System info: host: &apos;DESKTOP-A9DN365&apos;, ip: &apos;192.168.1.4&apos;, os.name: &apos;Windows 10&apos;, os.arch: &apos;amd64&apos;, os.version: &apos;10.0&apos;, java.version: &apos;1.8.0_91&apos;
Driver info: driver.version: ChromeDriver
remote stacktrace: Backtrace:
	Ordinal0 [0x008AE7D3+124883]
	Ordinal0 [0x008AE7B1+124849]
	GetHandleVerifier [0x00AF8688+193832]
	GetHandleVerifier [0x00AECB71+145937]
	GetHandleVerifier [0x00AEC7F9+145049]
	GetHandleVerifier [0x00AEBF7D+142877]
	GetHandleVerifier [0x00AEB45E+140030]
	GetHandleVerifier [0x00AEB6E6+140678]
	GetHandleVerifier [0x00AEB025+138949]
	GetHandleVerifier [0x00AF4679+177433]
	GetHandleVerifier [0x00AEAFE1+138881]
	GetHandleVerifier [0x00AEBD62+142338]
	GetHandleVerifier [0x00AEB45E+140030]
	GetHandleVerifier [0x00AEB6E6+140678]
	GetHandleVerifier [0x00AEB025+138949]
	GetHandleVerifier [0x00AF2A0A+170154]
	GetHandleVerifier [0x00AEAFE1+138881]
	GetHandleVerifier [0x00AEBD62+142338]
	GetHandleVerifier [0x00AEB45E+140030]
	GetHandleVerifier [0x00AEB6E6+140678]
	GetHandleVerifier [0x00AEB025+138949]
	GetHandleVerifier [0x00AF0D69+162825]
	GetHandleVerifier [0x00AEAFE1+138881]
	GetHandleVerifier [0x00AEBD62+142338]
	GetHandleVerifier [0x00AEB45E+140030]
	GetHandleVerifier [0x00AEB6E6+140678]
	GetHandleVerifier [0x00AEB025+138949]
	GetHandleVerifier [0x00AF017C+159772]
	GetHandleVerifier [0x00AEAFE1+138881]
	GetHandleVerifier [0x00AEBD62+142338]
	GetHandleVerifier [0x00AEB45E+140030]
	GetHandleVerifier [0x00AEB6E6+140678]
	GetHandleVerifier [0x00AEB025+138949]
	GetHandleVerifier [0x00AE76ED+124301]
	GetHandleVerifier [0x00AEAFE1+138881]
	GetHandleVerifier [0x00AEAE03+138403]
	GetHandleVerifier [0x00AEABF7+137879]
	GetHandleVerifier [0x00AF9930+198608]
	GetHandleVerifier [0x00B35758+443896]
	GetHandleVerifier [0x00B347FC+439964]
	GetHandleVerifier [0x00B3154B+426987]
	GetHandleVerifier [0x00B14FFD+310941]
	GetHandleVerifier [0x00B15D8E+314414]
	GetHandleVerifier [0x00B15D19+314297]
	GetHandleVerifier [0x00BD31EC+1089676]
	GetHandleVerifier [0x00BD17C9+1082985]
	GetHandleVerifier [0x00BD13A3+1081923]
	GetHandleVerifier [0x00CCD9FD+2115741]
	Ordinal0 [0x009FB82E+1488942]
	Ordinal0 [0x00995A7D+1071741]
	Ordinal0 [0x0099559B+1070491]
	Ordinal0 [0x009954B1+1070257]
	Ordinal0 [0x009CFF53+1310547]
	BaseThreadInitThunk [0x7576FA29+25]
	RtlGetAppContainerNamedObjectPath [0x772F7C7E+286]
	RtlGetAppContainerNamedObjectPath [0x772F7C4E+238]

	at sun.reflect.NativeConstructorAccessorImpl.newInstance0(Native Method)
	at sun.reflect.NativeConstructorAccessorImpl.newInstance(NativeConstructorAccessorImpl.java:62)
	at sun.reflect.DelegatingConstructorAccessorImpl.newInstance(DelegatingConstructorAccessorImpl.java:45)
	at java.lang.reflect.Constructor.newInstance(Constructor.java:423)
	at org.openqa.selenium.remote.W3CHandshakeResponse.lambda$errorHandler$0(W3CHandshakeResponse.java:62)
	at org.openqa.selenium.remote.HandshakeResponse.lambda$getResponseFunction$0(HandshakeResponse.java:30)
	at org.openqa.selenium.remote.ProtocolHandshake.lambda$createSession$0(ProtocolHandshake.java:126)
	at java.util.stream.ReferencePipeline$3$1.accept(ReferencePipeline.java:193)
	at java.util.Spliterators$ArraySpliterator.tryAdvance(Spliterators.java:958)
	at java.util.stream.ReferencePipeline.forEachWithCancel(ReferencePipeline.java:126)
	at java.util.stream.AbstractPipeline.copyIntoWithCancel(AbstractPipeline.java:498)
	at java.util.stream.AbstractPipeline.copyInto(AbstractPipeline.java:485)
	at java.util.stream.AbstractPipeline.wrapAndCopyInto(AbstractPipeline.java:471)
	at java.util.stream.FindOps$FindOp.evaluateSequential(FindOps.java:152)
	at java.util.stream.AbstractPipeline.evaluate(AbstractPipeline.java:234)
	at java.util.stream.ReferencePipeline.findFirst(ReferencePipeline.java:464)
	at org.openqa.selenium.remote.ProtocolHandshake.createSession(ProtocolHandshake.java:128)
	at org.openqa.selenium.remote.ProtocolHandshake.createSession(ProtocolHandshake.java:74)
	at org.openqa.selenium.remote.HttpCommandExecutor.execute(HttpCommandExecutor.java:136)
	at org.openqa.selenium.remote.service.DriverCommandExecutor.execute(DriverCommandExecutor.java:83)
	at org.openqa.selenium.remote.RemoteWebDriver.execute(RemoteWebDriver.java:552)
	at org.openqa.selenium.remote.RemoteWebDriver.startSession(RemoteWebDriver.java:213)
	at org.openqa.selenium.remote.RemoteWebDriver.&lt;init&gt;(RemoteWebDriver.java:131)
	at org.openqa.selenium.chrome.ChromeDriver.&lt;init&gt;(ChromeDriver.java:181)
	at org.openqa.selenium.chrome.ChromeDriver.&lt;init&gt;(ChromeDriver.java:168)
	at org.openqa.selenium.chrome.ChromeDriver.&lt;init&gt;(ChromeDriver.java:123)
	at com.SeleniumTopics.TestNg.TestNgLoadTesting.testGoogleSearch(TestNgLoadTesting.java:34)
	at sun.reflect.NativeMethodAccessorImpl.invoke0(Native Method)
	at sun.reflect.NativeMethodAccessorImpl.invoke(NativeMethodAccessorImpl.java:62)
	at sun.reflect.DelegatingMethodAccessorImpl.invoke(DelegatingMethodAccessorImpl.java:43)
	at java.lang.reflect.Method.invoke(Method.java:498)
	at org.testng.internal.MethodInvocationHelper.invokeMethod(MethodInvocationHelper.java:124)
	at org.testng.internal.Invoker.invokeMethod(Invoker.java:580)
	at org.testng.internal.Invoker.invokeTestMethod(Invoker.java:716)
	at org.testng.internal.Invoker.invokeTestMethods(Invoker.java:988)
	at org.testng.internal.TestMethodWorker.invokeTestMethods(TestMethodWorker.java:125)
	at org.testng.internal.TestMethodWorker.run(TestMethodWorker.java:109)
	at org.testng.internal.thread.ThreadUtil$1.call(ThreadUtil.java:52)
	at java.util.concurrent.FutureTask.run(FutureTask.java:266)
	at java.util.concurrent.ThreadPoolExecutor.runWorker(ThreadPoolExecutor.java:1142)
	at java.util.concurrent.ThreadPoolExecutor$Worker.run(ThreadPoolExecutor.java:617)
	at java.lang.Thread.run(Thread.java:745)
</pre></div></td>
<td>43</td>
<td>com.SeleniumTopics.TestNg.TestNgLoadTesting@5ce81285</td></tr>
<tr>
<td title='com.SeleniumTopics.TestNg.TestNgLoadTesting.testGoogleSearch()'><b>testGoogleSearch</b><br>Test class: com.SeleniumTopics.TestNg.TestNgLoadTesting</td>
<td><div><pre>org.openqa.selenium.WebDriverException: unknown error: cannot determine loading status
from disconnected: received Inspector.detached event
  (Session info: chrome=89.0.4389.82)
Build info: version: &apos;3.141.59&apos;, revision: &apos;e82be7d358&apos;, time: &apos;2018-11-14T08:17:03&apos;
System info: host: &apos;DESKTOP-A9DN365&apos;, ip: &apos;192.168.1.4&apos;, os.name: &apos;Windows 10&apos;, os.arch: &apos;amd64&apos;, os.version: &apos;10.0&apos;, java.version: &apos;1.8.0_91&apos;
Driver info: org.openqa.selenium.chrome.ChromeDriver
Capabilities {acceptInsecureCerts: false, browserName: chrome, browserVersion: 89.0.4389.82, chrome: {chromedriverVersion: 89.0.4389.23 (61b08ee2c5002..., userDataDir: C:\Users\raghu\AppData\Loca...}, goog:chromeOptions: {debuggerAddress: localhost:54967}, javascriptEnabled: true, networkConnectionEnabled: false, pageLoadStrategy: normal, platform: WINDOWS, platformName: WINDOWS, proxy: Proxy(), setWindowRect: true, strictFileInteractability: false, timeouts: {implicit: 0, pageLoad: 300000, script: 30000}, unhandledPromptBehavior: dismiss and notify, webauthn:extension:largeBlob: true, webauthn:virtualAuthenticators: true}
Session ID: 52eb1672df551b649173451a456adbe9
	at sun.reflect.NativeConstructorAccessorImpl.newInstance0(Native Method)
	at sun.reflect.NativeConstructorAccessorImpl.newInstance(NativeConstructorAccessorImpl.java:62)
	at sun.reflect.DelegatingConstructorAccessorImpl.newInstance(DelegatingConstructorAccessorImpl.java:45)
	at java.lang.reflect.Constructor.newInstance(Constructor.java:423)
	at org.openqa.selenium.remote.http.W3CHttpResponseCodec.createException(W3CHttpResponseCodec.java:187)
	at org.openqa.selenium.remote.http.W3CHttpResponseCodec.decode(W3CHttpResponseCodec.java:122)
	at org.openqa.selenium.remote.http.W3CHttpResponseCodec.decode(W3CHttpResponseCodec.java:49)
	at org.openqa.selenium.remote.HttpCommandExecutor.execute(HttpCommandExecutor.java:158)
	at org.openqa.selenium.remote.service.DriverCommandExecutor.execute(DriverCommandExecutor.java:83)
	at org.openqa.selenium.remote.RemoteWebDriver.execute(RemoteWebDriver.java:552)
	at org.openqa.selenium.remote.RemoteWebDriver.get(RemoteWebDriver.java:277)
	at com.SeleniumTopics.TestNg.TestNgLoadTesting.testGoogleSearch(TestNgLoadTesting.java:38)
	at sun.reflect.NativeMethodAccessorImpl.invoke0(Native Method)
	at sun.reflect.NativeMethodAccessorImpl.invoke(NativeMethodAccessorImpl.java:62)
	at sun.reflect.DelegatingMethodAccessorImpl.invoke(DelegatingMethodAccessorImpl.java:43)
	at java.lang.reflect.Method.invoke(Method.java:498)
	at org.testng.internal.MethodInvocationHelper.invokeMethod(MethodInvocationHelper.java:124)
	at org.testng.internal.Invoker.invokeMethod(Invoker.java:580)
	at org.testng.internal.Invoker.invokeTestMethod(Invoker.java:716)
	at org.testng.internal.Invoker.invokeTestMethods(Invoker.java:988)
	at org.testng.internal.TestMethodWorker.invokeTestMethods(TestMethodWorker.java:125)
	at org.testng.internal.TestMethodWorker.run(TestMethodWorker.java:109)
	at org.testng.internal.thread.ThreadUtil$1.call(ThreadUtil.java:52)
	at java.util.concurrent.FutureTask.run(FutureTask.java:266)
	at java.util.concurrent.ThreadPoolExecutor.runWorker(ThreadPoolExecutor.java:1142)
	at java.util.concurrent.ThreadPoolExecutor$Worker.run(ThreadPoolExecutor.java:617)
	at java.lang.Thread.run(Thread.java:745)
</pre></div><a href='#' onClick='toggleBox("stack-trace274405841", this, "Click to show all stack frames", "Click to hide stack frames")'>Click to show all stack frames</a>
<div class='stack-trace' id='stack-trace274405841'><pre>org.openqa.selenium.WebDriverException: unknown error: cannot determine loading status
from disconnected: received Inspector.detached event
  (Session info: chrome=89.0.4389.82)
Build info: version: &apos;3.141.59&apos;, revision: &apos;e82be7d358&apos;, time: &apos;2018-11-14T08:17:03&apos;
System info: host: &apos;DESKTOP-A9DN365&apos;, ip: &apos;192.168.1.4&apos;, os.name: &apos;Windows 10&apos;, os.arch: &apos;amd64&apos;, os.version: &apos;10.0&apos;, java.version: &apos;1.8.0_91&apos;
Driver info: org.openqa.selenium.chrome.ChromeDriver
Capabilities {acceptInsecureCerts: false, browserName: chrome, browserVersion: 89.0.4389.82, chrome: {chromedriverVersion: 89.0.4389.23 (61b08ee2c5002..., userDataDir: C:\Users\raghu\AppData\Loca...}, goog:chromeOptions: {debuggerAddress: localhost:54967}, javascriptEnabled: true, networkConnectionEnabled: false, pageLoadStrategy: normal, platform: WINDOWS, platformName: WINDOWS, proxy: Proxy(), setWindowRect: true, strictFileInteractability: false, timeouts: {implicit: 0, pageLoad: 300000, script: 30000}, unhandledPromptBehavior: dismiss and notify, webauthn:extension:largeBlob: true, webauthn:virtualAuthenticators: true}
Session ID: 52eb1672df551b649173451a456adbe9
	at sun.reflect.NativeConstructorAccessorImpl.newInstance0(Native Method)
	at sun.reflect.NativeConstructorAccessorImpl.newInstance(NativeConstructorAccessorImpl.java:62)
	at sun.reflect.DelegatingConstructorAccessorImpl.newInstance(DelegatingConstructorAccessorImpl.java:45)
	at java.lang.reflect.Constructor.newInstance(Constructor.java:423)
	at org.openqa.selenium.remote.http.W3CHttpResponseCodec.createException(W3CHttpResponseCodec.java:187)
	at org.openqa.selenium.remote.http.W3CHttpResponseCodec.decode(W3CHttpResponseCodec.java:122)
	at org.openqa.selenium.remote.http.W3CHttpResponseCodec.decode(W3CHttpResponseCodec.java:49)
	at org.openqa.selenium.remote.HttpCommandExecutor.execute(HttpCommandExecutor.java:158)
	at org.openqa.selenium.remote.service.DriverCommandExecutor.execute(DriverCommandExecutor.java:83)
	at org.openqa.selenium.remote.RemoteWebDriver.execute(RemoteWebDriver.java:552)
	at org.openqa.selenium.remote.RemoteWebDriver.get(RemoteWebDriver.java:277)
	at com.SeleniumTopics.TestNg.TestNgLoadTesting.testGoogleSearch(TestNgLoadTesting.java:38)
	at sun.reflect.NativeMethodAccessorImpl.invoke0(Native Method)
	at sun.reflect.NativeMethodAccessorImpl.invoke(NativeMethodAccessorImpl.java:62)
	at sun.reflect.DelegatingMethodAccessorImpl.invoke(DelegatingMethodAccessorImpl.java:43)
	at java.lang.reflect.Method.invoke(Method.java:498)
	at org.testng.internal.MethodInvocationHelper.invokeMethod(MethodInvocationHelper.java:124)
	at org.testng.internal.Invoker.invokeMethod(Invoker.java:580)
	at org.testng.internal.Invoker.invokeTestMethod(Invoker.java:716)
	at org.testng.internal.Invoker.invokeTestMethods(Invoker.java:988)
	at org.testng.internal.TestMethodWorker.invokeTestMethods(TestMethodWorker.java:125)
	at org.testng.internal.TestMethodWorker.run(TestMethodWorker.java:109)
	at org.testng.internal.thread.ThreadUtil$1.call(ThreadUtil.java:52)
	at java.util.concurrent.FutureTask.run(FutureTask.java:266)
	at java.util.concurrent.ThreadPoolExecutor.runWorker(ThreadPoolExecutor.java:1142)
	at java.util.concurrent.ThreadPoolExecutor$Worker.run(ThreadPoolExecutor.java:617)
	at java.lang.Thread.run(Thread.java:745)
</pre></div></td>
<td>65</td>
<td>com.SeleniumTopics.TestNg.TestNgLoadTesting@5ce81285</td></tr>
<tr>
<td title='com.SeleniumTopics.TestNg.TestNgLoadTesting.testGoogleSearch()'><b>testGoogleSearch</b><br>Test class: com.SeleniumTopics.TestNg.TestNgLoadTesting</td>
<td><div><pre>org.openqa.selenium.WebDriverException: chrome not reachable
  (Session info: chrome=89.0.4389.82)
Build info: version: &apos;3.141.59&apos;, revision: &apos;e82be7d358&apos;, time: &apos;2018-11-14T08:17:03&apos;
System info: host: &apos;DESKTOP-A9DN365&apos;, ip: &apos;192.168.1.4&apos;, os.name: &apos;Windows 10&apos;, os.arch: &apos;amd64&apos;, os.version: &apos;10.0&apos;, java.version: &apos;1.8.0_91&apos;
Driver info: org.openqa.selenium.chrome.ChromeDriver
Capabilities {acceptInsecureCerts: false, browserName: chrome, browserVersion: 89.0.4389.82, chrome: {chromedriverVersion: 89.0.4389.23 (61b08ee2c5002..., userDataDir: C:\Users\raghu\AppData\Loca...}, goog:chromeOptions: {debuggerAddress: localhost:54964}, javascriptEnabled: true, networkConnectionEnabled: false, pageLoadStrategy: normal, platform: WINDOWS, platformName: WINDOWS, proxy: Proxy(), setWindowRect: true, strictFileInteractability: false, timeouts: {implicit: 0, pageLoad: 300000, script: 30000}, unhandledPromptBehavior: dismiss and notify, webauthn:extension:largeBlob: true, webauthn:virtualAuthenticators: true}
Session ID: fe2f4e797411ab807565339c4bb926ef
*** Element info: {Using=name, value=btnK}
	at sun.reflect.NativeConstructorAccessorImpl.newInstance0(Native Method)
	at sun.reflect.NativeConstructorAccessorImpl.newInstance(NativeConstructorAccessorImpl.java:62)
	at sun.reflect.DelegatingConstructorAccessorImpl.newInstance(DelegatingConstructorAccessorImpl.java:45)
	at java.lang.reflect.Constructor.newInstance(Constructor.java:423)
	at org.openqa.selenium.remote.http.W3CHttpResponseCodec.createException(W3CHttpResponseCodec.java:187)
	at org.openqa.selenium.remote.http.W3CHttpResponseCodec.decode(W3CHttpResponseCodec.java:122)
	at org.openqa.selenium.remote.http.W3CHttpResponseCodec.decode(W3CHttpResponseCodec.java:49)
	at org.openqa.selenium.remote.HttpCommandExecutor.execute(HttpCommandExecutor.java:158)
	at org.openqa.selenium.remote.service.DriverCommandExecutor.execute(DriverCommandExecutor.java:83)
	at org.openqa.selenium.remote.RemoteWebDriver.execute(RemoteWebDriver.java:552)
	at org.openqa.selenium.remote.RemoteWebDriver.findElement(RemoteWebDriver.java:323)
	at org.openqa.selenium.remote.RemoteWebDriver.findElementByName(RemoteWebDriver.java:404)
	at org.openqa.selenium.By$ByName.findElement(By.java:284)
	at org.openqa.selenium.remote.RemoteWebDriver.findElement(RemoteWebDriver.java:315)
	at com.SeleniumTopics.TestNg.TestNgLoadTesting.testGoogleSearch(TestNgLoadTesting.java:41)
	at sun.reflect.NativeMethodAccessorImpl.invoke0(Native Method)
	at sun.reflect.NativeMethodAccessorImpl.invoke(NativeMethodAccessorImpl.java:62)
	at sun.reflect.DelegatingMethodAccessorImpl.invoke(DelegatingMethodAccessorImpl.java:43)
	at java.lang.reflect.Method.invoke(Method.java:498)
	at org.testng.internal.MethodInvocationHelper.invokeMethod(MethodInvocationHelper.java:124)
	at org.testng.internal.Invoker.invokeMethod(Invoker.java:580)
	at org.testng.internal.Invoker.invokeTestMethod(Invoker.java:716)
	at org.testng.internal.Invoker.invokeTestMethods(Invoker.java:988)
	at org.testng.internal.TestMethodWorker.invokeTestMethods(TestMethodWorker.java:125)
	at org.testng.internal.TestMethodWorker.run(TestMethodWorker.java:109)
	at org.testng.internal.thread.ThreadUtil$1.call(ThreadUtil.java:52)
	at java.util.concurrent.FutureTask.run(FutureTask.java:266)
	at java.util.concurrent.ThreadPoolExecutor.runWorker(ThreadPoolExecutor.java:1142)
	at java.util.concurrent.ThreadPoolExecutor$Worker.run(ThreadPoolExecutor.java:617)
	at java.lang.Thread.run(Thread.java:745)
</pre></div><a href='#' onClick='toggleBox("stack-trace1476609109", this, "Click to show all stack frames", "Click to hide stack frames")'>Click to show all stack frames</a>
<div class='stack-trace' id='stack-trace1476609109'><pre>org.openqa.selenium.WebDriverException: chrome not reachable
  (Session info: chrome=89.0.4389.82)
Build info: version: &apos;3.141.59&apos;, revision: &apos;e82be7d358&apos;, time: &apos;2018-11-14T08:17:03&apos;
System info: host: &apos;DESKTOP-A9DN365&apos;, ip: &apos;192.168.1.4&apos;, os.name: &apos;Windows 10&apos;, os.arch: &apos;amd64&apos;, os.version: &apos;10.0&apos;, java.version: &apos;1.8.0_91&apos;
Driver info: org.openqa.selenium.chrome.ChromeDriver
Capabilities {acceptInsecureCerts: false, browserName: chrome, browserVersion: 89.0.4389.82, chrome: {chromedriverVersion: 89.0.4389.23 (61b08ee2c5002..., userDataDir: C:\Users\raghu\AppData\Loca...}, goog:chromeOptions: {debuggerAddress: localhost:54964}, javascriptEnabled: true, networkConnectionEnabled: false, pageLoadStrategy: normal, platform: WINDOWS, platformName: WINDOWS, proxy: Proxy(), setWindowRect: true, strictFileInteractability: false, timeouts: {implicit: 0, pageLoad: 300000, script: 30000}, unhandledPromptBehavior: dismiss and notify, webauthn:extension:largeBlob: true, webauthn:virtualAuthenticators: true}
Session ID: fe2f4e797411ab807565339c4bb926ef
*** Element info: {Using=name, value=btnK}
	at sun.reflect.NativeConstructorAccessorImpl.newInstance0(Native Method)
	at sun.reflect.NativeConstructorAccessorImpl.newInstance(NativeConstructorAccessorImpl.java:62)
	at sun.reflect.DelegatingConstructorAccessorImpl.newInstance(DelegatingConstructorAccessorImpl.java:45)
	at java.lang.reflect.Constructor.newInstance(Constructor.java:423)
	at org.openqa.selenium.remote.http.W3CHttpResponseCodec.createException(W3CHttpResponseCodec.java:187)
	at org.openqa.selenium.remote.http.W3CHttpResponseCodec.decode(W3CHttpResponseCodec.java:122)
	at org.openqa.selenium.remote.http.W3CHttpResponseCodec.decode(W3CHttpResponseCodec.java:49)
	at org.openqa.selenium.remote.HttpCommandExecutor.execute(HttpCommandExecutor.java:158)
	at org.openqa.selenium.remote.service.DriverCommandExecutor.execute(DriverCommandExecutor.java:83)
	at org.openqa.selenium.remote.RemoteWebDriver.execute(RemoteWebDriver.java:552)
	at org.openqa.selenium.remote.RemoteWebDriver.findElement(RemoteWebDriver.java:323)
	at org.openqa.selenium.remote.RemoteWebDriver.findElementByName(RemoteWebDriver.java:404)
	at org.openqa.selenium.By$ByName.findElement(By.java:284)
	at org.openqa.selenium.remote.RemoteWebDriver.findElement(RemoteWebDriver.java:315)
	at com.SeleniumTopics.TestNg.TestNgLoadTesting.testGoogleSearch(TestNgLoadTesting.java:41)
	at sun.reflect.NativeMethodAccessorImpl.invoke0(Native Method)
	at sun.reflect.NativeMethodAccessorImpl.invoke(NativeMethodAccessorImpl.java:62)
	at sun.reflect.DelegatingMethodAccessorImpl.invoke(DelegatingMethodAccessorImpl.java:43)
	at java.lang.reflect.Method.invoke(Method.java:498)
	at org.testng.internal.MethodInvocationHelper.invokeMethod(MethodInvocationHelper.java:124)
	at org.testng.internal.Invoker.invokeMethod(Invoker.java:580)
	at org.testng.internal.Invoker.invokeTestMethod(Invoker.java:716)
	at org.testng.internal.Invoker.invokeTestMethods(Invoker.java:988)
	at org.testng.internal.TestMethodWorker.invokeTestMethods(TestMethodWorker.java:125)
	at org.testng.internal.TestMethodWorker.run(TestMethodWorker.java:109)
	at org.testng.internal.thread.ThreadUtil$1.call(ThreadUtil.java:52)
	at java.util.concurrent.FutureTask.run(FutureTask.java:266)
	at java.util.concurrent.ThreadPoolExecutor.runWorker(ThreadPoolExecutor.java:1142)
	at java.util.concurrent.ThreadPoolExecutor$Worker.run(ThreadPoolExecutor.java:617)
	at java.lang.Thread.run(Thread.java:745)
</pre></div></td>
<td>81</td>
<td>com.SeleniumTopics.TestNg.TestNgLoadTesting@5ce81285</td></tr>
<tr>
<td title='com.SeleniumTopics.TestNg.TestNgLoadTesting.testGoogleSearch()'><b>testGoogleSearch</b><br>Test class: com.SeleniumTopics.TestNg.TestNgLoadTesting</td>
<td><div><pre>org.openqa.selenium.WebDriverException: chrome not reachable
  (Session info: chrome=89.0.4389.82)
Build info: version: &apos;3.141.59&apos;, revision: &apos;e82be7d358&apos;, time: &apos;2018-11-14T08:17:03&apos;
System info: host: &apos;DESKTOP-A9DN365&apos;, ip: &apos;192.168.1.4&apos;, os.name: &apos;Windows 10&apos;, os.arch: &apos;amd64&apos;, os.version: &apos;10.0&apos;, java.version: &apos;1.8.0_91&apos;
Driver info: driver.version: ChromeDriver
remote stacktrace: Backtrace:
	Ordinal0 [0x008AE7D3+124883]
	Ordinal0 [0x008AE7B1+124849]
	GetHandleVerifier [0x00AF8530+193488]
	GetHandleVerifier [0x00AEE424+152260]
	GetHandleVerifier [0x00AE490A+112554]
	GetHandleVerifier [0x00B34B47+440807]
	GetHandleVerifier [0x00B347FC+439964]
	GetHandleVerifier [0x00B3154B+426987]
	GetHandleVerifier [0x00B14FFD+310941]
	GetHandleVerifier [0x00B15D8E+314414]
	GetHandleVerifier [0x00B15D19+314297]
	GetHandleVerifier [0x00BD31EC+1089676]
	GetHandleVerifier [0x00BD17C9+1082985]
	GetHandleVerifier [0x00BD13A3+1081923]
	GetHandleVerifier [0x00CCD9FD+2115741]
	Ordinal0 [0x009FB82E+1488942]
	Ordinal0 [0x00995A7D+1071741]
	Ordinal0 [0x0099559B+1070491]
	Ordinal0 [0x009954B1+1070257]
	Ordinal0 [0x009CFF53+1310547]
	BaseThreadInitThunk [0x7576FA29+25]
	RtlGetAppContainerNamedObjectPath [0x772F7C7E+286]
	RtlGetAppContainerNamedObjectPath [0x772F7C4E+238]

	at sun.reflect.NativeConstructorAccessorImpl.newInstance0(Native Method)
	at sun.reflect.NativeConstructorAccessorImpl.newInstance(NativeConstructorAccessorImpl.java:62)
	at sun.reflect.DelegatingConstructorAccessorImpl.newInstance(DelegatingConstructorAccessorImpl.java:45)
	at java.lang.reflect.Constructor.newInstance(Constructor.java:423)
	at org.openqa.selenium.remote.W3CHandshakeResponse.lambda$errorHandler$0(W3CHandshakeResponse.java:62)
	at org.openqa.selenium.remote.HandshakeResponse.lambda$getResponseFunction$0(HandshakeResponse.java:30)
	at org.openqa.selenium.remote.ProtocolHandshake.lambda$createSession$0(ProtocolHandshake.java:126)
	at java.util.stream.ReferencePipeline$3$1.accept(ReferencePipeline.java:193)
	at java.util.Spliterators$ArraySpliterator.tryAdvance(Spliterators.java:958)
	at java.util.stream.ReferencePipeline.forEachWithCancel(ReferencePipeline.java:126)
	at java.util.stream.AbstractPipeline.copyIntoWithCancel(AbstractPipeline.java:498)
	at java.util.stream.AbstractPipeline.copyInto(AbstractPipeline.java:485)
	at java.util.stream.AbstractPipeline.wrapAndCopyInto(AbstractPipeline.java:471)
	at java.util.stream.FindOps$FindOp.evaluateSequential(FindOps.java:152)
	at java.util.stream.AbstractPipeline.evaluate(AbstractPipeline.java:234)
	at java.util.stream.ReferencePipeline.findFirst(ReferencePipeline.java:464)
	at org.openqa.selenium.remote.ProtocolHandshake.createSession(ProtocolHandshake.java:128)
	at org.openqa.selenium.remote.ProtocolHandshake.createSession(ProtocolHandshake.java:74)
	at org.openqa.selenium.remote.HttpCommandExecutor.execute(HttpCommandExecutor.java:136)
	at org.openqa.selenium.remote.service.DriverCommandExecutor.execute(DriverCommandExecutor.java:83)
	at org.openqa.selenium.remote.RemoteWebDriver.execute(RemoteWebDriver.java:552)
	at org.openqa.selenium.remote.RemoteWebDriver.startSession(RemoteWebDriver.java:213)
	at org.openqa.selenium.remote.RemoteWebDriver.&lt;init&gt;(RemoteWebDriver.java:131)
	at org.openqa.selenium.chrome.ChromeDriver.&lt;init&gt;(ChromeDriver.java:181)
	at org.openqa.selenium.chrome.ChromeDriver.&lt;init&gt;(ChromeDriver.java:168)
	at org.openqa.selenium.chrome.ChromeDriver.&lt;init&gt;(ChromeDriver.java:123)
	at com.SeleniumTopics.TestNg.TestNgLoadTesting.testGoogleSearch(TestNgLoadTesting.java:34)
	at sun.reflect.NativeMethodAccessorImpl.invoke0(Native Method)
	at sun.reflect.NativeMethodAccessorImpl.invoke(NativeMethodAccessorImpl.java:62)
	at sun.reflect.DelegatingMethodAccessorImpl.invoke(DelegatingMethodAccessorImpl.java:43)
	at java.lang.reflect.Method.invoke(Method.java:498)
	at org.testng.internal.MethodInvocationHelper.invokeMethod(MethodInvocationHelper.java:124)
	at org.testng.internal.Invoker.invokeMethod(Invoker.java:580)
	at org.testng.internal.Invoker.invokeTestMethod(Invoker.java:716)
	at org.testng.internal.Invoker.invokeTestMethods(Invoker.java:988)
	at org.testng.internal.TestMethodWorker.invokeTestMethods(TestMethodWorker.java:125)
	at org.testng.internal.TestMethodWorker.run(TestMethodWorker.java:109)
	at org.testng.internal.thread.ThreadUtil$1.call(ThreadUtil.java:52)
	at java.util.concurrent.FutureTask.run(FutureTask.java:266)
	at java.util.concurrent.ThreadPoolExecutor.runWorker(ThreadPoolExecutor.java:1142)
	at java.util.concurrent.ThreadPoolExecutor$Worker.run(ThreadPoolExecutor.java:617)
	at java.lang.Thread.run(Thread.java:745)
</pre></div><a href='#' onClick='toggleBox("stack-trace1282588589", this, "Click to show all stack frames", "Click to hide stack frames")'>Click to show all stack frames</a>
<div class='stack-trace' id='stack-trace1282588589'><pre>org.openqa.selenium.WebDriverException: chrome not reachable
  (Session info: chrome=89.0.4389.82)
Build info: version: &apos;3.141.59&apos;, revision: &apos;e82be7d358&apos;, time: &apos;2018-11-14T08:17:03&apos;
System info: host: &apos;DESKTOP-A9DN365&apos;, ip: &apos;192.168.1.4&apos;, os.name: &apos;Windows 10&apos;, os.arch: &apos;amd64&apos;, os.version: &apos;10.0&apos;, java.version: &apos;1.8.0_91&apos;
Driver info: driver.version: ChromeDriver
remote stacktrace: Backtrace:
	Ordinal0 [0x008AE7D3+124883]
	Ordinal0 [0x008AE7B1+124849]
	GetHandleVerifier [0x00AF8530+193488]
	GetHandleVerifier [0x00AEE424+152260]
	GetHandleVerifier [0x00AE490A+112554]
	GetHandleVerifier [0x00B34B47+440807]
	GetHandleVerifier [0x00B347FC+439964]
	GetHandleVerifier [0x00B3154B+426987]
	GetHandleVerifier [0x00B14FFD+310941]
	GetHandleVerifier [0x00B15D8E+314414]
	GetHandleVerifier [0x00B15D19+314297]
	GetHandleVerifier [0x00BD31EC+1089676]
	GetHandleVerifier [0x00BD17C9+1082985]
	GetHandleVerifier [0x00BD13A3+1081923]
	GetHandleVerifier [0x00CCD9FD+2115741]
	Ordinal0 [0x009FB82E+1488942]
	Ordinal0 [0x00995A7D+1071741]
	Ordinal0 [0x0099559B+1070491]
	Ordinal0 [0x009954B1+1070257]
	Ordinal0 [0x009CFF53+1310547]
	BaseThreadInitThunk [0x7576FA29+25]
	RtlGetAppContainerNamedObjectPath [0x772F7C7E+286]
	RtlGetAppContainerNamedObjectPath [0x772F7C4E+238]

	at sun.reflect.NativeConstructorAccessorImpl.newInstance0(Native Method)
	at sun.reflect.NativeConstructorAccessorImpl.newInstance(NativeConstructorAccessorImpl.java:62)
	at sun.reflect.DelegatingConstructorAccessorImpl.newInstance(DelegatingConstructorAccessorImpl.java:45)
	at java.lang.reflect.Constructor.newInstance(Constructor.java:423)
	at org.openqa.selenium.remote.W3CHandshakeResponse.lambda$errorHandler$0(W3CHandshakeResponse.java:62)
	at org.openqa.selenium.remote.HandshakeResponse.lambda$getResponseFunction$0(HandshakeResponse.java:30)
	at org.openqa.selenium.remote.ProtocolHandshake.lambda$createSession$0(ProtocolHandshake.java:126)
	at java.util.stream.ReferencePipeline$3$1.accept(ReferencePipeline.java:193)
	at java.util.Spliterators$ArraySpliterator.tryAdvance(Spliterators.java:958)
	at java.util.stream.ReferencePipeline.forEachWithCancel(ReferencePipeline.java:126)
	at java.util.stream.AbstractPipeline.copyIntoWithCancel(AbstractPipeline.java:498)
	at java.util.stream.AbstractPipeline.copyInto(AbstractPipeline.java:485)
	at java.util.stream.AbstractPipeline.wrapAndCopyInto(AbstractPipeline.java:471)
	at java.util.stream.FindOps$FindOp.evaluateSequential(FindOps.java:152)
	at java.util.stream.AbstractPipeline.evaluate(AbstractPipeline.java:234)
	at java.util.stream.ReferencePipeline.findFirst(ReferencePipeline.java:464)
	at org.openqa.selenium.remote.ProtocolHandshake.createSession(ProtocolHandshake.java:128)
	at org.openqa.selenium.remote.ProtocolHandshake.createSession(ProtocolHandshake.java:74)
	at org.openqa.selenium.remote.HttpCommandExecutor.execute(HttpCommandExecutor.java:136)
	at org.openqa.selenium.remote.service.DriverCommandExecutor.execute(DriverCommandExecutor.java:83)
	at org.openqa.selenium.remote.RemoteWebDriver.execute(RemoteWebDriver.java:552)
	at org.openqa.selenium.remote.RemoteWebDriver.startSession(RemoteWebDriver.java:213)
	at org.openqa.selenium.remote.RemoteWebDriver.&lt;init&gt;(RemoteWebDriver.java:131)
	at org.openqa.selenium.chrome.ChromeDriver.&lt;init&gt;(ChromeDriver.java:181)
	at org.openqa.selenium.chrome.ChromeDriver.&lt;init&gt;(ChromeDriver.java:168)
	at org.openqa.selenium.chrome.ChromeDriver.&lt;init&gt;(ChromeDriver.java:123)
	at com.SeleniumTopics.TestNg.TestNgLoadTesting.testGoogleSearch(TestNgLoadTesting.java:34)
	at sun.reflect.NativeMethodAccessorImpl.invoke0(Native Method)
	at sun.reflect.NativeMethodAccessorImpl.invoke(NativeMethodAccessorImpl.java:62)
	at sun.reflect.DelegatingMethodAccessorImpl.invoke(DelegatingMethodAccessorImpl.java:43)
	at java.lang.reflect.Method.invoke(Method.java:498)
	at org.testng.internal.MethodInvocationHelper.invokeMethod(MethodInvocationHelper.java:124)
	at org.testng.internal.Invoker.invokeMethod(Invoker.java:580)
	at org.testng.internal.Invoker.invokeTestMethod(Invoker.java:716)
	at org.testng.internal.Invoker.invokeTestMethods(Invoker.java:988)
	at org.testng.internal.TestMethodWorker.invokeTestMethods(TestMethodWorker.java:125)
	at org.testng.internal.TestMethodWorker.run(TestMethodWorker.java:109)
	at org.testng.internal.thread.ThreadUtil$1.call(ThreadUtil.java:52)
	at java.util.concurrent.FutureTask.run(FutureTask.java:266)
	at java.util.concurrent.ThreadPoolExecutor.runWorker(ThreadPoolExecutor.java:1142)
	at java.util.concurrent.ThreadPoolExecutor$Worker.run(ThreadPoolExecutor.java:617)
	at java.lang.Thread.run(Thread.java:745)
</pre></div></td>
<td>84</td>
<td>com.SeleniumTopics.TestNg.TestNgLoadTesting@5ce81285</td></tr>
<tr>
<td title='com.SeleniumTopics.TestNg.TestNgLoadTesting.testGoogleSearch()'><b>testGoogleSearch</b><br>Test class: com.SeleniumTopics.TestNg.TestNgLoadTesting</td>
<td><div><pre>org.openqa.selenium.SessionNotCreatedException: session not created
from disconnected: received Inspector.detached event
  (Session info: chrome=89.0.4389.82)
Build info: version: &apos;3.141.59&apos;, revision: &apos;e82be7d358&apos;, time: &apos;2018-11-14T08:17:03&apos;
System info: host: &apos;DESKTOP-A9DN365&apos;, ip: &apos;192.168.1.4&apos;, os.name: &apos;Windows 10&apos;, os.arch: &apos;amd64&apos;, os.version: &apos;10.0&apos;, java.version: &apos;1.8.0_91&apos;
Driver info: driver.version: ChromeDriver
remote stacktrace: Backtrace:
	Ordinal0 [0x008AE7D3+124883]
	Ordinal0 [0x008AE7B1+124849]
	GetHandleVerifier [0x00AF8688+193832]
	GetHandleVerifier [0x00AECB71+145937]
	GetHandleVerifier [0x00AEC7F9+145049]
	GetHandleVerifier [0x00AEBF7D+142877]
	GetHandleVerifier [0x00AEB45E+140030]
	GetHandleVerifier [0x00AEB6E6+140678]
	GetHandleVerifier [0x00AEB025+138949]
	GetHandleVerifier [0x00AF4679+177433]
	GetHandleVerifier [0x00AEAFE1+138881]
	GetHandleVerifier [0x00AEBD62+142338]
	GetHandleVerifier [0x00AEB45E+140030]
	GetHandleVerifier [0x00AEB6E6+140678]
	GetHandleVerifier [0x00AEB025+138949]
	GetHandleVerifier [0x00AF2A0A+170154]
	GetHandleVerifier [0x00AEAFE1+138881]
	GetHandleVerifier [0x00AEBD62+142338]
	GetHandleVerifier [0x00AEB45E+140030]
	GetHandleVerifier [0x00AEB6E6+140678]
	GetHandleVerifier [0x00AEB025+138949]
	GetHandleVerifier [0x00AF0D69+162825]
	GetHandleVerifier [0x00AEAFE1+138881]
	GetHandleVerifier [0x00AEBD62+142338]
	GetHandleVerifier [0x00AEB45E+140030]
	GetHandleVerifier [0x00AEB6E6+140678]
	GetHandleVerifier [0x00AEB025+138949]
	GetHandleVerifier [0x00AF017C+159772]
	GetHandleVerifier [0x00AEAFE1+138881]
	GetHandleVerifier [0x00AEBD62+142338]
	GetHandleVerifier [0x00AEB45E+140030]
	GetHandleVerifier [0x00AEB6E6+140678]
	GetHandleVerifier [0x00AEB025+138949]
	GetHandleVerifier [0x00AE76ED+124301]
	GetHandleVerifier [0x00AEAFE1+138881]
	GetHandleVerifier [0x00AEAE03+138403]
	GetHandleVerifier [0x00AEABF7+137879]
	GetHandleVerifier [0x00AF9930+198608]
	GetHandleVerifier [0x00B35758+443896]
	GetHandleVerifier [0x00B347FC+439964]
	GetHandleVerifier [0x00B3154B+426987]
	GetHandleVerifier [0x00B14FFD+310941]
	GetHandleVerifier [0x00B15D8E+314414]
	GetHandleVerifier [0x00B15D19+314297]
	GetHandleVerifier [0x00BD31EC+1089676]
	GetHandleVerifier [0x00BD17C9+1082985]
	GetHandleVerifier [0x00BD13A3+1081923]
	GetHandleVerifier [0x00CCD9FD+2115741]
	Ordinal0 [0x009FB82E+1488942]
	Ordinal0 [0x00995A7D+1071741]
	Ordinal0 [0x0099559B+1070491]
	Ordinal0 [0x009954B1+1070257]
	Ordinal0 [0x009CFF53+1310547]
	BaseThreadInitThunk [0x7576FA29+25]
	RtlGetAppContainerNamedObjectPath [0x772F7C7E+286]
	RtlGetAppContainerNamedObjectPath [0x772F7C4E+238]

	at sun.reflect.NativeConstructorAccessorImpl.newInstance0(Native Method)
	at sun.reflect.NativeConstructorAccessorImpl.newInstance(NativeConstructorAccessorImpl.java:62)
	at sun.reflect.DelegatingConstructorAccessorImpl.newInstance(DelegatingConstructorAccessorImpl.java:45)
	at java.lang.reflect.Constructor.newInstance(Constructor.java:423)
	at org.openqa.selenium.remote.W3CHandshakeResponse.lambda$errorHandler$0(W3CHandshakeResponse.java:62)
	at org.openqa.selenium.remote.HandshakeResponse.lambda$getResponseFunction$0(HandshakeResponse.java:30)
	at org.openqa.selenium.remote.ProtocolHandshake.lambda$createSession$0(ProtocolHandshake.java:126)
	at java.util.stream.ReferencePipeline$3$1.accept(ReferencePipeline.java:193)
	at java.util.Spliterators$ArraySpliterator.tryAdvance(Spliterators.java:958)
	at java.util.stream.ReferencePipeline.forEachWithCancel(ReferencePipeline.java:126)
	at java.util.stream.AbstractPipeline.copyIntoWithCancel(AbstractPipeline.java:498)
	at java.util.stream.AbstractPipeline.copyInto(AbstractPipeline.java:485)
	at java.util.stream.AbstractPipeline.wrapAndCopyInto(AbstractPipeline.java:471)
	at java.util.stream.FindOps$FindOp.evaluateSequential(FindOps.java:152)
	at java.util.stream.AbstractPipeline.evaluate(AbstractPipeline.java:234)
	at java.util.stream.ReferencePipeline.findFirst(ReferencePipeline.java:464)
	at org.openqa.selenium.remote.ProtocolHandshake.createSession(ProtocolHandshake.java:128)
	at org.openqa.selenium.remote.ProtocolHandshake.createSession(ProtocolHandshake.java:74)
	at org.openqa.selenium.remote.HttpCommandExecutor.execute(HttpCommandExecutor.java:136)
	at org.openqa.selenium.remote.service.DriverCommandExecutor.execute(DriverCommandExecutor.java:83)
	at org.openqa.selenium.remote.RemoteWebDriver.execute(RemoteWebDriver.java:552)
	at org.openqa.selenium.remote.RemoteWebDriver.startSession(RemoteWebDriver.java:213)
	at org.openqa.selenium.remote.RemoteWebDriver.&lt;init&gt;(RemoteWebDriver.java:131)
	at org.openqa.selenium.chrome.ChromeDriver.&lt;init&gt;(ChromeDriver.java:181)
	at org.openqa.selenium.chrome.ChromeDriver.&lt;init&gt;(ChromeDriver.java:168)
	at org.openqa.selenium.chrome.ChromeDriver.&lt;init&gt;(ChromeDriver.java:123)
	at com.SeleniumTopics.TestNg.TestNgLoadTesting.testGoogleSearch(TestNgLoadTesting.java:34)
	at sun.reflect.NativeMethodAccessorImpl.invoke0(Native Method)
	at sun.reflect.NativeMethodAccessorImpl.invoke(NativeMethodAccessorImpl.java:62)
	at sun.reflect.DelegatingMethodAccessorImpl.invoke(DelegatingMethodAccessorImpl.java:43)
	at java.lang.reflect.Method.invoke(Method.java:498)
	at org.testng.internal.MethodInvocationHelper.invokeMethod(MethodInvocationHelper.java:124)
	at org.testng.internal.Invoker.invokeMethod(Invoker.java:580)
	at org.testng.internal.Invoker.invokeTestMethod(Invoker.java:716)
	at org.testng.internal.Invoker.invokeTestMethods(Invoker.java:988)
	at org.testng.internal.TestMethodWorker.invokeTestMethods(TestMethodWorker.java:125)
	at org.testng.internal.TestMethodWorker.run(TestMethodWorker.java:109)
	at org.testng.internal.thread.ThreadUtil$1.call(ThreadUtil.java:52)
	at java.util.concurrent.FutureTask.run(FutureTask.java:266)
	at java.util.concurrent.ThreadPoolExecutor.runWorker(ThreadPoolExecutor.java:1142)
	at java.util.concurrent.ThreadPoolExecutor$Worker.run(ThreadPoolExecutor.java:617)
	at java.lang.Thread.run(Thread.java:745)
</pre></div><a href='#' onClick='toggleBox("stack-trace1809228046", this, "Click to show all stack frames", "Click to hide stack frames")'>Click to show all stack frames</a>
<div class='stack-trace' id='stack-trace1809228046'><pre>org.openqa.selenium.SessionNotCreatedException: session not created
from disconnected: received Inspector.detached event
  (Session info: chrome=89.0.4389.82)
Build info: version: &apos;3.141.59&apos;, revision: &apos;e82be7d358&apos;, time: &apos;2018-11-14T08:17:03&apos;
System info: host: &apos;DESKTOP-A9DN365&apos;, ip: &apos;192.168.1.4&apos;, os.name: &apos;Windows 10&apos;, os.arch: &apos;amd64&apos;, os.version: &apos;10.0&apos;, java.version: &apos;1.8.0_91&apos;
Driver info: driver.version: ChromeDriver
remote stacktrace: Backtrace:
	Ordinal0 [0x008AE7D3+124883]
	Ordinal0 [0x008AE7B1+124849]
	GetHandleVerifier [0x00AF8688+193832]
	GetHandleVerifier [0x00AECB71+145937]
	GetHandleVerifier [0x00AEC7F9+145049]
	GetHandleVerifier [0x00AEBF7D+142877]
	GetHandleVerifier [0x00AEB45E+140030]
	GetHandleVerifier [0x00AEB6E6+140678]
	GetHandleVerifier [0x00AEB025+138949]
	GetHandleVerifier [0x00AF4679+177433]
	GetHandleVerifier [0x00AEAFE1+138881]
	GetHandleVerifier [0x00AEBD62+142338]
	GetHandleVerifier [0x00AEB45E+140030]
	GetHandleVerifier [0x00AEB6E6+140678]
	GetHandleVerifier [0x00AEB025+138949]
	GetHandleVerifier [0x00AF2A0A+170154]
	GetHandleVerifier [0x00AEAFE1+138881]
	GetHandleVerifier [0x00AEBD62+142338]
	GetHandleVerifier [0x00AEB45E+140030]
	GetHandleVerifier [0x00AEB6E6+140678]
	GetHandleVerifier [0x00AEB025+138949]
	GetHandleVerifier [0x00AF0D69+162825]
	GetHandleVerifier [0x00AEAFE1+138881]
	GetHandleVerifier [0x00AEBD62+142338]
	GetHandleVerifier [0x00AEB45E+140030]
	GetHandleVerifier [0x00AEB6E6+140678]
	GetHandleVerifier [0x00AEB025+138949]
	GetHandleVerifier [0x00AF017C+159772]
	GetHandleVerifier [0x00AEAFE1+138881]
	GetHandleVerifier [0x00AEBD62+142338]
	GetHandleVerifier [0x00AEB45E+140030]
	GetHandleVerifier [0x00AEB6E6+140678]
	GetHandleVerifier [0x00AEB025+138949]
	GetHandleVerifier [0x00AE76ED+124301]
	GetHandleVerifier [0x00AEAFE1+138881]
	GetHandleVerifier [0x00AEAE03+138403]
	GetHandleVerifier [0x00AEABF7+137879]
	GetHandleVerifier [0x00AF9930+198608]
	GetHandleVerifier [0x00B35758+443896]
	GetHandleVerifier [0x00B347FC+439964]
	GetHandleVerifier [0x00B3154B+426987]
	GetHandleVerifier [0x00B14FFD+310941]
	GetHandleVerifier [0x00B15D8E+314414]
	GetHandleVerifier [0x00B15D19+314297]
	GetHandleVerifier [0x00BD31EC+1089676]
	GetHandleVerifier [0x00BD17C9+1082985]
	GetHandleVerifier [0x00BD13A3+1081923]
	GetHandleVerifier [0x00CCD9FD+2115741]
	Ordinal0 [0x009FB82E+1488942]
	Ordinal0 [0x00995A7D+1071741]
	Ordinal0 [0x0099559B+1070491]
	Ordinal0 [0x009954B1+1070257]
	Ordinal0 [0x009CFF53+1310547]
	BaseThreadInitThunk [0x7576FA29+25]
	RtlGetAppContainerNamedObjectPath [0x772F7C7E+286]
	RtlGetAppContainerNamedObjectPath [0x772F7C4E+238]

	at sun.reflect.NativeConstructorAccessorImpl.newInstance0(Native Method)
	at sun.reflect.NativeConstructorAccessorImpl.newInstance(NativeConstructorAccessorImpl.java:62)
	at sun.reflect.DelegatingConstructorAccessorImpl.newInstance(DelegatingConstructorAccessorImpl.java:45)
	at java.lang.reflect.Constructor.newInstance(Constructor.java:423)
	at org.openqa.selenium.remote.W3CHandshakeResponse.lambda$errorHandler$0(W3CHandshakeResponse.java:62)
	at org.openqa.selenium.remote.HandshakeResponse.lambda$getResponseFunction$0(HandshakeResponse.java:30)
	at org.openqa.selenium.remote.ProtocolHandshake.lambda$createSession$0(ProtocolHandshake.java:126)
	at java.util.stream.ReferencePipeline$3$1.accept(ReferencePipeline.java:193)
	at java.util.Spliterators$ArraySpliterator.tryAdvance(Spliterators.java:958)
	at java.util.stream.ReferencePipeline.forEachWithCancel(ReferencePipeline.java:126)
	at java.util.stream.AbstractPipeline.copyIntoWithCancel(AbstractPipeline.java:498)
	at java.util.stream.AbstractPipeline.copyInto(AbstractPipeline.java:485)
	at java.util.stream.AbstractPipeline.wrapAndCopyInto(AbstractPipeline.java:471)
	at java.util.stream.FindOps$FindOp.evaluateSequential(FindOps.java:152)
	at java.util.stream.AbstractPipeline.evaluate(AbstractPipeline.java:234)
	at java.util.stream.ReferencePipeline.findFirst(ReferencePipeline.java:464)
	at org.openqa.selenium.remote.ProtocolHandshake.createSession(ProtocolHandshake.java:128)
	at org.openqa.selenium.remote.ProtocolHandshake.createSession(ProtocolHandshake.java:74)
	at org.openqa.selenium.remote.HttpCommandExecutor.execute(HttpCommandExecutor.java:136)
	at org.openqa.selenium.remote.service.DriverCommandExecutor.execute(DriverCommandExecutor.java:83)
	at org.openqa.selenium.remote.RemoteWebDriver.execute(RemoteWebDriver.java:552)
	at org.openqa.selenium.remote.RemoteWebDriver.startSession(RemoteWebDriver.java:213)
	at org.openqa.selenium.remote.RemoteWebDriver.&lt;init&gt;(RemoteWebDriver.java:131)
	at org.openqa.selenium.chrome.ChromeDriver.&lt;init&gt;(ChromeDriver.java:181)
	at org.openqa.selenium.chrome.ChromeDriver.&lt;init&gt;(ChromeDriver.java:168)
	at org.openqa.selenium.chrome.ChromeDriver.&lt;init&gt;(ChromeDriver.java:123)
	at com.SeleniumTopics.TestNg.TestNgLoadTesting.testGoogleSearch(TestNgLoadTesting.java:34)
	at sun.reflect.NativeMethodAccessorImpl.invoke0(Native Method)
	at sun.reflect.NativeMethodAccessorImpl.invoke(NativeMethodAccessorImpl.java:62)
	at sun.reflect.DelegatingMethodAccessorImpl.invoke(DelegatingMethodAccessorImpl.java:43)
	at java.lang.reflect.Method.invoke(Method.java:498)
	at org.testng.internal.MethodInvocationHelper.invokeMethod(MethodInvocationHelper.java:124)
	at org.testng.internal.Invoker.invokeMethod(Invoker.java:580)
	at org.testng.internal.Invoker.invokeTestMethod(Invoker.java:716)
	at org.testng.internal.Invoker.invokeTestMethods(Invoker.java:988)
	at org.testng.internal.TestMethodWorker.invokeTestMethods(TestMethodWorker.java:125)
	at org.testng.internal.TestMethodWorker.run(TestMethodWorker.java:109)
	at org.testng.internal.thread.ThreadUtil$1.call(ThreadUtil.java:52)
	at java.util.concurrent.FutureTask.run(FutureTask.java:266)
	at java.util.concurrent.ThreadPoolExecutor.runWorker(ThreadPoolExecutor.java:1142)
	at java.util.concurrent.ThreadPoolExecutor$Worker.run(ThreadPoolExecutor.java:617)
	at java.lang.Thread.run(Thread.java:745)
</pre></div></td>
<td>85</td>
<td>com.SeleniumTopics.TestNg.TestNgLoadTesting@5ce81285</td></tr>
<tr>
<td title='com.SeleniumTopics.TestNg.TestNgLoadTesting.testGoogleSearch()'><b>testGoogleSearch</b><br>Test class: com.SeleniumTopics.TestNg.TestNgLoadTesting</td>
<td><div><pre>org.openqa.selenium.SessionNotCreatedException: session not created
from disconnected: received Inspector.detached event
  (Session info: chrome=89.0.4389.82)
Build info: version: &apos;3.141.59&apos;, revision: &apos;e82be7d358&apos;, time: &apos;2018-11-14T08:17:03&apos;
System info: host: &apos;DESKTOP-A9DN365&apos;, ip: &apos;192.168.1.4&apos;, os.name: &apos;Windows 10&apos;, os.arch: &apos;amd64&apos;, os.version: &apos;10.0&apos;, java.version: &apos;1.8.0_91&apos;
Driver info: driver.version: ChromeDriver
remote stacktrace: Backtrace:
	Ordinal0 [0x008AE7D3+124883]
	Ordinal0 [0x008AE7B1+124849]
	GetHandleVerifier [0x00AF8688+193832]
	GetHandleVerifier [0x00AECB71+145937]
	GetHandleVerifier [0x00AEC7F9+145049]
	GetHandleVerifier [0x00AEBF7D+142877]
	GetHandleVerifier [0x00AEB45E+140030]
	GetHandleVerifier [0x00AEB6E6+140678]
	GetHandleVerifier [0x00AEB025+138949]
	GetHandleVerifier [0x00AF4679+177433]
	GetHandleVerifier [0x00AEAFE1+138881]
	GetHandleVerifier [0x00AEBD62+142338]
	GetHandleVerifier [0x00AEB45E+140030]
	GetHandleVerifier [0x00AEB6E6+140678]
	GetHandleVerifier [0x00AEB025+138949]
	GetHandleVerifier [0x00AF2A0A+170154]
	GetHandleVerifier [0x00AEAFE1+138881]
	GetHandleVerifier [0x00AEBD62+142338]
	GetHandleVerifier [0x00AEB45E+140030]
	GetHandleVerifier [0x00AEB6E6+140678]
	GetHandleVerifier [0x00AEB025+138949]
	GetHandleVerifier [0x00AF0D69+162825]
	GetHandleVerifier [0x00AEAFE1+138881]
	GetHandleVerifier [0x00AEBD62+142338]
	GetHandleVerifier [0x00AEB45E+140030]
	GetHandleVerifier [0x00AEB6E6+140678]
	GetHandleVerifier [0x00AEB025+138949]
	GetHandleVerifier [0x00AF017C+159772]
	GetHandleVerifier [0x00AEAFE1+138881]
	GetHandleVerifier [0x00AEBD62+142338]
	GetHandleVerifier [0x00AEB45E+140030]
	GetHandleVerifier [0x00AEB6E6+140678]
	GetHandleVerifier [0x00AEB025+138949]
	GetHandleVerifier [0x00AE76ED+124301]
	GetHandleVerifier [0x00AEAFE1+138881]
	GetHandleVerifier [0x00AEAE03+138403]
	GetHandleVerifier [0x00AEABF7+137879]
	GetHandleVerifier [0x00AF9930+198608]
	GetHandleVerifier [0x00B35758+443896]
	GetHandleVerifier [0x00B347FC+439964]
	GetHandleVerifier [0x00B3154B+426987]
	GetHandleVerifier [0x00B14FFD+310941]
	GetHandleVerifier [0x00B15D8E+314414]
	GetHandleVerifier [0x00B15D19+314297]
	GetHandleVerifier [0x00BD31EC+1089676]
	GetHandleVerifier [0x00BD17C9+1082985]
	GetHandleVerifier [0x00BD13A3+1081923]
	GetHandleVerifier [0x00CCD9FD+2115741]
	Ordinal0 [0x009FB82E+1488942]
	Ordinal0 [0x00995A7D+1071741]
	Ordinal0 [0x0099559B+1070491]
	Ordinal0 [0x009954B1+1070257]
	Ordinal0 [0x009CFF53+1310547]
	BaseThreadInitThunk [0x7576FA29+25]
	RtlGetAppContainerNamedObjectPath [0x772F7C7E+286]
	RtlGetAppContainerNamedObjectPath [0x772F7C4E+238]

	at sun.reflect.NativeConstructorAccessorImpl.newInstance0(Native Method)
	at sun.reflect.NativeConstructorAccessorImpl.newInstance(NativeConstructorAccessorImpl.java:62)
	at sun.reflect.DelegatingConstructorAccessorImpl.newInstance(DelegatingConstructorAccessorImpl.java:45)
	at java.lang.reflect.Constructor.newInstance(Constructor.java:423)
	at org.openqa.selenium.remote.W3CHandshakeResponse.lambda$errorHandler$0(W3CHandshakeResponse.java:62)
	at org.openqa.selenium.remote.HandshakeResponse.lambda$getResponseFunction$0(HandshakeResponse.java:30)
	at org.openqa.selenium.remote.ProtocolHandshake.lambda$createSession$0(ProtocolHandshake.java:126)
	at java.util.stream.ReferencePipeline$3$1.accept(ReferencePipeline.java:193)
	at java.util.Spliterators$ArraySpliterator.tryAdvance(Spliterators.java:958)
	at java.util.stream.ReferencePipeline.forEachWithCancel(ReferencePipeline.java:126)
	at java.util.stream.AbstractPipeline.copyIntoWithCancel(AbstractPipeline.java:498)
	at java.util.stream.AbstractPipeline.copyInto(AbstractPipeline.java:485)
	at java.util.stream.AbstractPipeline.wrapAndCopyInto(AbstractPipeline.java:471)
	at java.util.stream.FindOps$FindOp.evaluateSequential(FindOps.java:152)
	at java.util.stream.AbstractPipeline.evaluate(AbstractPipeline.java:234)
	at java.util.stream.ReferencePipeline.findFirst(ReferencePipeline.java:464)
	at org.openqa.selenium.remote.ProtocolHandshake.createSession(ProtocolHandshake.java:128)
	at org.openqa.selenium.remote.ProtocolHandshake.createSession(ProtocolHandshake.java:74)
	at org.openqa.selenium.remote.HttpCommandExecutor.execute(HttpCommandExecutor.java:136)
	at org.openqa.selenium.remote.service.DriverCommandExecutor.execute(DriverCommandExecutor.java:83)
	at org.openqa.selenium.remote.RemoteWebDriver.execute(RemoteWebDriver.java:552)
	at org.openqa.selenium.remote.RemoteWebDriver.startSession(RemoteWebDriver.java:213)
	at org.openqa.selenium.remote.RemoteWebDriver.&lt;init&gt;(RemoteWebDriver.java:131)
	at org.openqa.selenium.chrome.ChromeDriver.&lt;init&gt;(ChromeDriver.java:181)
	at org.openqa.selenium.chrome.ChromeDriver.&lt;init&gt;(ChromeDriver.java:168)
	at org.openqa.selenium.chrome.ChromeDriver.&lt;init&gt;(ChromeDriver.java:123)
	at com.SeleniumTopics.TestNg.TestNgLoadTesting.testGoogleSearch(TestNgLoadTesting.java:34)
	at sun.reflect.NativeMethodAccessorImpl.invoke0(Native Method)
	at sun.reflect.NativeMethodAccessorImpl.invoke(NativeMethodAccessorImpl.java:62)
	at sun.reflect.DelegatingMethodAccessorImpl.invoke(DelegatingMethodAccessorImpl.java:43)
	at java.lang.reflect.Method.invoke(Method.java:498)
	at org.testng.internal.MethodInvocationHelper.invokeMethod(MethodInvocationHelper.java:124)
	at org.testng.internal.Invoker.invokeMethod(Invoker.java:580)
	at org.testng.internal.Invoker.invokeTestMethod(Invoker.java:716)
	at org.testng.internal.Invoker.invokeTestMethods(Invoker.java:988)
	at org.testng.internal.TestMethodWorker.invokeTestMethods(TestMethodWorker.java:125)
	at org.testng.internal.TestMethodWorker.run(TestMethodWorker.java:109)
	at org.testng.internal.thread.ThreadUtil$1.call(ThreadUtil.java:52)
	at java.util.concurrent.FutureTask.run(FutureTask.java:266)
	at java.util.concurrent.ThreadPoolExecutor.runWorker(ThreadPoolExecutor.java:1142)
	at java.util.concurrent.ThreadPoolExecutor$Worker.run(ThreadPoolExecutor.java:617)
	at java.lang.Thread.run(Thread.java:745)
</pre></div><a href='#' onClick='toggleBox("stack-trace181837114", this, "Click to show all stack frames", "Click to hide stack frames")'>Click to show all stack frames</a>
<div class='stack-trace' id='stack-trace181837114'><pre>org.openqa.selenium.SessionNotCreatedException: session not created
from disconnected: received Inspector.detached event
  (Session info: chrome=89.0.4389.82)
Build info: version: &apos;3.141.59&apos;, revision: &apos;e82be7d358&apos;, time: &apos;2018-11-14T08:17:03&apos;
System info: host: &apos;DESKTOP-A9DN365&apos;, ip: &apos;192.168.1.4&apos;, os.name: &apos;Windows 10&apos;, os.arch: &apos;amd64&apos;, os.version: &apos;10.0&apos;, java.version: &apos;1.8.0_91&apos;
Driver info: driver.version: ChromeDriver
remote stacktrace: Backtrace:
	Ordinal0 [0x008AE7D3+124883]
	Ordinal0 [0x008AE7B1+124849]
	GetHandleVerifier [0x00AF8688+193832]
	GetHandleVerifier [0x00AECB71+145937]
	GetHandleVerifier [0x00AEC7F9+145049]
	GetHandleVerifier [0x00AEBF7D+142877]
	GetHandleVerifier [0x00AEB45E+140030]
	GetHandleVerifier [0x00AEB6E6+140678]
	GetHandleVerifier [0x00AEB025+138949]
	GetHandleVerifier [0x00AF4679+177433]
	GetHandleVerifier [0x00AEAFE1+138881]
	GetHandleVerifier [0x00AEBD62+142338]
	GetHandleVerifier [0x00AEB45E+140030]
	GetHandleVerifier [0x00AEB6E6+140678]
	GetHandleVerifier [0x00AEB025+138949]
	GetHandleVerifier [0x00AF2A0A+170154]
	GetHandleVerifier [0x00AEAFE1+138881]
	GetHandleVerifier [0x00AEBD62+142338]
	GetHandleVerifier [0x00AEB45E+140030]
	GetHandleVerifier [0x00AEB6E6+140678]
	GetHandleVerifier [0x00AEB025+138949]
	GetHandleVerifier [0x00AF0D69+162825]
	GetHandleVerifier [0x00AEAFE1+138881]
	GetHandleVerifier [0x00AEBD62+142338]
	GetHandleVerifier [0x00AEB45E+140030]
	GetHandleVerifier [0x00AEB6E6+140678]
	GetHandleVerifier [0x00AEB025+138949]
	GetHandleVerifier [0x00AF017C+159772]
	GetHandleVerifier [0x00AEAFE1+138881]
	GetHandleVerifier [0x00AEBD62+142338]
	GetHandleVerifier [0x00AEB45E+140030]
	GetHandleVerifier [0x00AEB6E6+140678]
	GetHandleVerifier [0x00AEB025+138949]
	GetHandleVerifier [0x00AE76ED+124301]
	GetHandleVerifier [0x00AEAFE1+138881]
	GetHandleVerifier [0x00AEAE03+138403]
	GetHandleVerifier [0x00AEABF7+137879]
	GetHandleVerifier [0x00AF9930+198608]
	GetHandleVerifier [0x00B35758+443896]
	GetHandleVerifier [0x00B347FC+439964]
	GetHandleVerifier [0x00B3154B+426987]
	GetHandleVerifier [0x00B14FFD+310941]
	GetHandleVerifier [0x00B15D8E+314414]
	GetHandleVerifier [0x00B15D19+314297]
	GetHandleVerifier [0x00BD31EC+1089676]
	GetHandleVerifier [0x00BD17C9+1082985]
	GetHandleVerifier [0x00BD13A3+1081923]
	GetHandleVerifier [0x00CCD9FD+2115741]
	Ordinal0 [0x009FB82E+1488942]
	Ordinal0 [0x00995A7D+1071741]
	Ordinal0 [0x0099559B+1070491]
	Ordinal0 [0x009954B1+1070257]
	Ordinal0 [0x009CFF53+1310547]
	BaseThreadInitThunk [0x7576FA29+25]
	RtlGetAppContainerNamedObjectPath [0x772F7C7E+286]
	RtlGetAppContainerNamedObjectPath [0x772F7C4E+238]

	at sun.reflect.NativeConstructorAccessorImpl.newInstance0(Native Method)
	at sun.reflect.NativeConstructorAccessorImpl.newInstance(NativeConstructorAccessorImpl.java:62)
	at sun.reflect.DelegatingConstructorAccessorImpl.newInstance(DelegatingConstructorAccessorImpl.java:45)
	at java.lang.reflect.Constructor.newInstance(Constructor.java:423)
	at org.openqa.selenium.remote.W3CHandshakeResponse.lambda$errorHandler$0(W3CHandshakeResponse.java:62)
	at org.openqa.selenium.remote.HandshakeResponse.lambda$getResponseFunction$0(HandshakeResponse.java:30)
	at org.openqa.selenium.remote.ProtocolHandshake.lambda$createSession$0(ProtocolHandshake.java:126)
	at java.util.stream.ReferencePipeline$3$1.accept(ReferencePipeline.java:193)
	at java.util.Spliterators$ArraySpliterator.tryAdvance(Spliterators.java:958)
	at java.util.stream.ReferencePipeline.forEachWithCancel(ReferencePipeline.java:126)
	at java.util.stream.AbstractPipeline.copyIntoWithCancel(AbstractPipeline.java:498)
	at java.util.stream.AbstractPipeline.copyInto(AbstractPipeline.java:485)
	at java.util.stream.AbstractPipeline.wrapAndCopyInto(AbstractPipeline.java:471)
	at java.util.stream.FindOps$FindOp.evaluateSequential(FindOps.java:152)
	at java.util.stream.AbstractPipeline.evaluate(AbstractPipeline.java:234)
	at java.util.stream.ReferencePipeline.findFirst(ReferencePipeline.java:464)
	at org.openqa.selenium.remote.ProtocolHandshake.createSession(ProtocolHandshake.java:128)
	at org.openqa.selenium.remote.ProtocolHandshake.createSession(ProtocolHandshake.java:74)
	at org.openqa.selenium.remote.HttpCommandExecutor.execute(HttpCommandExecutor.java:136)
	at org.openqa.selenium.remote.service.DriverCommandExecutor.execute(DriverCommandExecutor.java:83)
	at org.openqa.selenium.remote.RemoteWebDriver.execute(RemoteWebDriver.java:552)
	at org.openqa.selenium.remote.RemoteWebDriver.startSession(RemoteWebDriver.java:213)
	at org.openqa.selenium.remote.RemoteWebDriver.&lt;init&gt;(RemoteWebDriver.java:131)
	at org.openqa.selenium.chrome.ChromeDriver.&lt;init&gt;(ChromeDriver.java:181)
	at org.openqa.selenium.chrome.ChromeDriver.&lt;init&gt;(ChromeDriver.java:168)
	at org.openqa.selenium.chrome.ChromeDriver.&lt;init&gt;(ChromeDriver.java:123)
	at com.SeleniumTopics.TestNg.TestNgLoadTesting.testGoogleSearch(TestNgLoadTesting.java:34)
	at sun.reflect.NativeMethodAccessorImpl.invoke0(Native Method)
	at sun.reflect.NativeMethodAccessorImpl.invoke(NativeMethodAccessorImpl.java:62)
	at sun.reflect.DelegatingMethodAccessorImpl.invoke(DelegatingMethodAccessorImpl.java:43)
	at java.lang.reflect.Method.invoke(Method.java:498)
	at org.testng.internal.MethodInvocationHelper.invokeMethod(MethodInvocationHelper.java:124)
	at org.testng.internal.Invoker.invokeMethod(Invoker.java:580)
	at org.testng.internal.Invoker.invokeTestMethod(Invoker.java:716)
	at org.testng.internal.Invoker.invokeTestMethods(Invoker.java:988)
	at org.testng.internal.TestMethodWorker.invokeTestMethods(TestMethodWorker.java:125)
	at org.testng.internal.TestMethodWorker.run(TestMethodWorker.java:109)
	at org.testng.internal.thread.ThreadUtil$1.call(ThreadUtil.java:52)
	at java.util.concurrent.FutureTask.run(FutureTask.java:266)
	at java.util.concurrent.ThreadPoolExecutor.runWorker(ThreadPoolExecutor.java:1142)
	at java.util.concurrent.ThreadPoolExecutor$Worker.run(ThreadPoolExecutor.java:617)
	at java.lang.Thread.run(Thread.java:745)
</pre></div></td>
<td>63</td>
<td>com.SeleniumTopics.TestNg.TestNgLoadTesting@5ce81285</td></tr>
<tr>
<td title='com.SeleniumTopics.TestNg.TestNgLoadTesting.testGoogleSearch()'><b>testGoogleSearch</b><br>Test class: com.SeleniumTopics.TestNg.TestNgLoadTesting</td>
<td><div><pre>org.openqa.selenium.SessionNotCreatedException: session not created
from disconnected: received Inspector.detached event
  (Session info: chrome=89.0.4389.82)
Build info: version: &apos;3.141.59&apos;, revision: &apos;e82be7d358&apos;, time: &apos;2018-11-14T08:17:03&apos;
System info: host: &apos;DESKTOP-A9DN365&apos;, ip: &apos;192.168.1.4&apos;, os.name: &apos;Windows 10&apos;, os.arch: &apos;amd64&apos;, os.version: &apos;10.0&apos;, java.version: &apos;1.8.0_91&apos;
Driver info: driver.version: ChromeDriver
remote stacktrace: Backtrace:
	Ordinal0 [0x008AE7D3+124883]
	Ordinal0 [0x008AE7B1+124849]
	GetHandleVerifier [0x00AF8688+193832]
	GetHandleVerifier [0x00AECB71+145937]
	GetHandleVerifier [0x00AEC7F9+145049]
	GetHandleVerifier [0x00AEBF7D+142877]
	GetHandleVerifier [0x00AEB45E+140030]
	GetHandleVerifier [0x00AEB6E6+140678]
	GetHandleVerifier [0x00AEB025+138949]
	GetHandleVerifier [0x00AF4679+177433]
	GetHandleVerifier [0x00AEAFE1+138881]
	GetHandleVerifier [0x00AEBD62+142338]
	GetHandleVerifier [0x00AEB45E+140030]
	GetHandleVerifier [0x00AEB6E6+140678]
	GetHandleVerifier [0x00AEB025+138949]
	GetHandleVerifier [0x00AF2A0A+170154]
	GetHandleVerifier [0x00AEAFE1+138881]
	GetHandleVerifier [0x00AEBD62+142338]
	GetHandleVerifier [0x00AEB45E+140030]
	GetHandleVerifier [0x00AEB6E6+140678]
	GetHandleVerifier [0x00AEB025+138949]
	GetHandleVerifier [0x00AF0D69+162825]
	GetHandleVerifier [0x00AEAFE1+138881]
	GetHandleVerifier [0x00AEBD62+142338]
	GetHandleVerifier [0x00AEB45E+140030]
	GetHandleVerifier [0x00AEB6E6+140678]
	GetHandleVerifier [0x00AEB025+138949]
	GetHandleVerifier [0x00AF017C+159772]
	GetHandleVerifier [0x00AEAFE1+138881]
	GetHandleVerifier [0x00AEBD62+142338]
	GetHandleVerifier [0x00AEB45E+140030]
	GetHandleVerifier [0x00AEB6E6+140678]
	GetHandleVerifier [0x00AEB025+138949]
	GetHandleVerifier [0x00AE76ED+124301]
	GetHandleVerifier [0x00AEAFE1+138881]
	GetHandleVerifier [0x00AEAE03+138403]
	GetHandleVerifier [0x00AEABF7+137879]
	GetHandleVerifier [0x00AF9930+198608]
	GetHandleVerifier [0x00B35758+443896]
	GetHandleVerifier [0x00B347FC+439964]
	GetHandleVerifier [0x00B3154B+426987]
	GetHandleVerifier [0x00B14FFD+310941]
	GetHandleVerifier [0x00B15D8E+314414]
	GetHandleVerifier [0x00B15D19+314297]
	GetHandleVerifier [0x00BD31EC+1089676]
	GetHandleVerifier [0x00BD17C9+1082985]
	GetHandleVerifier [0x00BD13A3+1081923]
	GetHandleVerifier [0x00CCD9FD+2115741]
	Ordinal0 [0x009FB82E+1488942]
	Ordinal0 [0x00995A7D+1071741]
	Ordinal0 [0x0099559B+1070491]
	Ordinal0 [0x009954B1+1070257]
	Ordinal0 [0x009CFF53+1310547]
	BaseThreadInitThunk [0x7576FA29+25]
	RtlGetAppContainerNamedObjectPath [0x772F7C7E+286]
	RtlGetAppContainerNamedObjectPath [0x772F7C4E+238]

	at sun.reflect.NativeConstructorAccessorImpl.newInstance0(Native Method)
	at sun.reflect.NativeConstructorAccessorImpl.newInstance(NativeConstructorAccessorImpl.java:62)
	at sun.reflect.DelegatingConstructorAccessorImpl.newInstance(DelegatingConstructorAccessorImpl.java:45)
	at java.lang.reflect.Constructor.newInstance(Constructor.java:423)
	at org.openqa.selenium.remote.W3CHandshakeResponse.lambda$errorHandler$0(W3CHandshakeResponse.java:62)
	at org.openqa.selenium.remote.HandshakeResponse.lambda$getResponseFunction$0(HandshakeResponse.java:30)
	at org.openqa.selenium.remote.ProtocolHandshake.lambda$createSession$0(ProtocolHandshake.java:126)
	at java.util.stream.ReferencePipeline$3$1.accept(ReferencePipeline.java:193)
	at java.util.Spliterators$ArraySpliterator.tryAdvance(Spliterators.java:958)
	at java.util.stream.ReferencePipeline.forEachWithCancel(ReferencePipeline.java:126)
	at java.util.stream.AbstractPipeline.copyIntoWithCancel(AbstractPipeline.java:498)
	at java.util.stream.AbstractPipeline.copyInto(AbstractPipeline.java:485)
	at java.util.stream.AbstractPipeline.wrapAndCopyInto(AbstractPipeline.java:471)
	at java.util.stream.FindOps$FindOp.evaluateSequential(FindOps.java:152)
	at java.util.stream.AbstractPipeline.evaluate(AbstractPipeline.java:234)
	at java.util.stream.ReferencePipeline.findFirst(ReferencePipeline.java:464)
	at org.openqa.selenium.remote.ProtocolHandshake.createSession(ProtocolHandshake.java:128)
	at org.openqa.selenium.remote.ProtocolHandshake.createSession(ProtocolHandshake.java:74)
	at org.openqa.selenium.remote.HttpCommandExecutor.execute(HttpCommandExecutor.java:136)
	at org.openqa.selenium.remote.service.DriverCommandExecutor.execute(DriverCommandExecutor.java:83)
	at org.openqa.selenium.remote.RemoteWebDriver.execute(RemoteWebDriver.java:552)
	at org.openqa.selenium.remote.RemoteWebDriver.startSession(RemoteWebDriver.java:213)
	at org.openqa.selenium.remote.RemoteWebDriver.&lt;init&gt;(RemoteWebDriver.java:131)
	at org.openqa.selenium.chrome.ChromeDriver.&lt;init&gt;(ChromeDriver.java:181)
	at org.openqa.selenium.chrome.ChromeDriver.&lt;init&gt;(ChromeDriver.java:168)
	at org.openqa.selenium.chrome.ChromeDriver.&lt;init&gt;(ChromeDriver.java:123)
	at com.SeleniumTopics.TestNg.TestNgLoadTesting.testGoogleSearch(TestNgLoadTesting.java:34)
	at sun.reflect.NativeMethodAccessorImpl.invoke0(Native Method)
	at sun.reflect.NativeMethodAccessorImpl.invoke(NativeMethodAccessorImpl.java:62)
	at sun.reflect.DelegatingMethodAccessorImpl.invoke(DelegatingMethodAccessorImpl.java:43)
	at java.lang.reflect.Method.invoke(Method.java:498)
	at org.testng.internal.MethodInvocationHelper.invokeMethod(MethodInvocationHelper.java:124)
	at org.testng.internal.Invoker.invokeMethod(Invoker.java:580)
	at org.testng.internal.Invoker.invokeTestMethod(Invoker.java:716)
	at org.testng.internal.Invoker.invokeTestMethods(Invoker.java:988)
	at org.testng.internal.TestMethodWorker.invokeTestMethods(TestMethodWorker.java:125)
	at org.testng.internal.TestMethodWorker.run(TestMethodWorker.java:109)
	at org.testng.internal.thread.ThreadUtil$1.call(ThreadUtil.java:52)
	at java.util.concurrent.FutureTask.run(FutureTask.java:266)
	at java.util.concurrent.ThreadPoolExecutor.runWorker(ThreadPoolExecutor.java:1142)
	at java.util.concurrent.ThreadPoolExecutor$Worker.run(ThreadPoolExecutor.java:617)
	at java.lang.Thread.run(Thread.java:745)
</pre></div><a href='#' onClick='toggleBox("stack-trace111063420", this, "Click to show all stack frames", "Click to hide stack frames")'>Click to show all stack frames</a>
<div class='stack-trace' id='stack-trace111063420'><pre>org.openqa.selenium.SessionNotCreatedException: session not created
from disconnected: received Inspector.detached event
  (Session info: chrome=89.0.4389.82)
Build info: version: &apos;3.141.59&apos;, revision: &apos;e82be7d358&apos;, time: &apos;2018-11-14T08:17:03&apos;
System info: host: &apos;DESKTOP-A9DN365&apos;, ip: &apos;192.168.1.4&apos;, os.name: &apos;Windows 10&apos;, os.arch: &apos;amd64&apos;, os.version: &apos;10.0&apos;, java.version: &apos;1.8.0_91&apos;
Driver info: driver.version: ChromeDriver
remote stacktrace: Backtrace:
	Ordinal0 [0x008AE7D3+124883]
	Ordinal0 [0x008AE7B1+124849]
	GetHandleVerifier [0x00AF8688+193832]
	GetHandleVerifier [0x00AECB71+145937]
	GetHandleVerifier [0x00AEC7F9+145049]
	GetHandleVerifier [0x00AEBF7D+142877]
	GetHandleVerifier [0x00AEB45E+140030]
	GetHandleVerifier [0x00AEB6E6+140678]
	GetHandleVerifier [0x00AEB025+138949]
	GetHandleVerifier [0x00AF4679+177433]
	GetHandleVerifier [0x00AEAFE1+138881]
	GetHandleVerifier [0x00AEBD62+142338]
	GetHandleVerifier [0x00AEB45E+140030]
	GetHandleVerifier [0x00AEB6E6+140678]
	GetHandleVerifier [0x00AEB025+138949]
	GetHandleVerifier [0x00AF2A0A+170154]
	GetHandleVerifier [0x00AEAFE1+138881]
	GetHandleVerifier [0x00AEBD62+142338]
	GetHandleVerifier [0x00AEB45E+140030]
	GetHandleVerifier [0x00AEB6E6+140678]
	GetHandleVerifier [0x00AEB025+138949]
	GetHandleVerifier [0x00AF0D69+162825]
	GetHandleVerifier [0x00AEAFE1+138881]
	GetHandleVerifier [0x00AEBD62+142338]
	GetHandleVerifier [0x00AEB45E+140030]
	GetHandleVerifier [0x00AEB6E6+140678]
	GetHandleVerifier [0x00AEB025+138949]
	GetHandleVerifier [0x00AF017C+159772]
	GetHandleVerifier [0x00AEAFE1+138881]
	GetHandleVerifier [0x00AEBD62+142338]
	GetHandleVerifier [0x00AEB45E+140030]
	GetHandleVerifier [0x00AEB6E6+140678]
	GetHandleVerifier [0x00AEB025+138949]
	GetHandleVerifier [0x00AE76ED+124301]
	GetHandleVerifier [0x00AEAFE1+138881]
	GetHandleVerifier [0x00AEAE03+138403]
	GetHandleVerifier [0x00AEABF7+137879]
	GetHandleVerifier [0x00AF9930+198608]
	GetHandleVerifier [0x00B35758+443896]
	GetHandleVerifier [0x00B347FC+439964]
	GetHandleVerifier [0x00B3154B+426987]
	GetHandleVerifier [0x00B14FFD+310941]
	GetHandleVerifier [0x00B15D8E+314414]
	GetHandleVerifier [0x00B15D19+314297]
	GetHandleVerifier [0x00BD31EC+1089676]
	GetHandleVerifier [0x00BD17C9+1082985]
	GetHandleVerifier [0x00BD13A3+1081923]
	GetHandleVerifier [0x00CCD9FD+2115741]
	Ordinal0 [0x009FB82E+1488942]
	Ordinal0 [0x00995A7D+1071741]
	Ordinal0 [0x0099559B+1070491]
	Ordinal0 [0x009954B1+1070257]
	Ordinal0 [0x009CFF53+1310547]
	BaseThreadInitThunk [0x7576FA29+25]
	RtlGetAppContainerNamedObjectPath [0x772F7C7E+286]
	RtlGetAppContainerNamedObjectPath [0x772F7C4E+238]

	at sun.reflect.NativeConstructorAccessorImpl.newInstance0(Native Method)
	at sun.reflect.NativeConstructorAccessorImpl.newInstance(NativeConstructorAccessorImpl.java:62)
	at sun.reflect.DelegatingConstructorAccessorImpl.newInstance(DelegatingConstructorAccessorImpl.java:45)
	at java.lang.reflect.Constructor.newInstance(Constructor.java:423)
	at org.openqa.selenium.remote.W3CHandshakeResponse.lambda$errorHandler$0(W3CHandshakeResponse.java:62)
	at org.openqa.selenium.remote.HandshakeResponse.lambda$getResponseFunction$0(HandshakeResponse.java:30)
	at org.openqa.selenium.remote.ProtocolHandshake.lambda$createSession$0(ProtocolHandshake.java:126)
	at java.util.stream.ReferencePipeline$3$1.accept(ReferencePipeline.java:193)
	at java.util.Spliterators$ArraySpliterator.tryAdvance(Spliterators.java:958)
	at java.util.stream.ReferencePipeline.forEachWithCancel(ReferencePipeline.java:126)
	at java.util.stream.AbstractPipeline.copyIntoWithCancel(AbstractPipeline.java:498)
	at java.util.stream.AbstractPipeline.copyInto(AbstractPipeline.java:485)
	at java.util.stream.AbstractPipeline.wrapAndCopyInto(AbstractPipeline.java:471)
	at java.util.stream.FindOps$FindOp.evaluateSequential(FindOps.java:152)
	at java.util.stream.AbstractPipeline.evaluate(AbstractPipeline.java:234)
	at java.util.stream.ReferencePipeline.findFirst(ReferencePipeline.java:464)
	at org.openqa.selenium.remote.ProtocolHandshake.createSession(ProtocolHandshake.java:128)
	at org.openqa.selenium.remote.ProtocolHandshake.createSession(ProtocolHandshake.java:74)
	at org.openqa.selenium.remote.HttpCommandExecutor.execute(HttpCommandExecutor.java:136)
	at org.openqa.selenium.remote.service.DriverCommandExecutor.execute(DriverCommandExecutor.java:83)
	at org.openqa.selenium.remote.RemoteWebDriver.execute(RemoteWebDriver.java:552)
	at org.openqa.selenium.remote.RemoteWebDriver.startSession(RemoteWebDriver.java:213)
	at org.openqa.selenium.remote.RemoteWebDriver.&lt;init&gt;(RemoteWebDriver.java:131)
	at org.openqa.selenium.chrome.ChromeDriver.&lt;init&gt;(ChromeDriver.java:181)
	at org.openqa.selenium.chrome.ChromeDriver.&lt;init&gt;(ChromeDriver.java:168)
	at org.openqa.selenium.chrome.ChromeDriver.&lt;init&gt;(ChromeDriver.java:123)
	at com.SeleniumTopics.TestNg.TestNgLoadTesting.testGoogleSearch(TestNgLoadTesting.java:34)
	at sun.reflect.NativeMethodAccessorImpl.invoke0(Native Method)
	at sun.reflect.NativeMethodAccessorImpl.invoke(NativeMethodAccessorImpl.java:62)
	at sun.reflect.DelegatingMethodAccessorImpl.invoke(DelegatingMethodAccessorImpl.java:43)
	at java.lang.reflect.Method.invoke(Method.java:498)
	at org.testng.internal.MethodInvocationHelper.invokeMethod(MethodInvocationHelper.java:124)
	at org.testng.internal.Invoker.invokeMethod(Invoker.java:580)
	at org.testng.internal.Invoker.invokeTestMethod(Invoker.java:716)
	at org.testng.internal.Invoker.invokeTestMethods(Invoker.java:988)
	at org.testng.internal.TestMethodWorker.invokeTestMethods(TestMethodWorker.java:125)
	at org.testng.internal.TestMethodWorker.run(TestMethodWorker.java:109)
	at org.testng.internal.thread.ThreadUtil$1.call(ThreadUtil.java:52)
	at java.util.concurrent.FutureTask.run(FutureTask.java:266)
	at java.util.concurrent.ThreadPoolExecutor.runWorker(ThreadPoolExecutor.java:1142)
	at java.util.concurrent.ThreadPoolExecutor$Worker.run(ThreadPoolExecutor.java:617)
	at java.lang.Thread.run(Thread.java:745)
</pre></div></td>
<td>53</td>
<td>com.SeleniumTopics.TestNg.TestNgLoadTesting@5ce81285</td></tr>
<tr>
<td title='com.SeleniumTopics.TestNg.TestNgLoadTesting.testGoogleSearch()'><b>testGoogleSearch</b><br>Test class: com.SeleniumTopics.TestNg.TestNgLoadTesting</td>
<td><div><pre>org.openqa.selenium.WebDriverException: unknown error: cannot determine loading status
from disconnected: received Inspector.detached event
  (Session info: chrome=89.0.4389.82)
Build info: version: &apos;3.141.59&apos;, revision: &apos;e82be7d358&apos;, time: &apos;2018-11-14T08:17:03&apos;
System info: host: &apos;DESKTOP-A9DN365&apos;, ip: &apos;192.168.1.4&apos;, os.name: &apos;Windows 10&apos;, os.arch: &apos;amd64&apos;, os.version: &apos;10.0&apos;, java.version: &apos;1.8.0_91&apos;
Driver info: org.openqa.selenium.chrome.ChromeDriver
Capabilities {acceptInsecureCerts: false, browserName: chrome, browserVersion: 89.0.4389.82, chrome: {chromedriverVersion: 89.0.4389.23 (61b08ee2c5002..., userDataDir: C:\Users\raghu\AppData\Loca...}, goog:chromeOptions: {debuggerAddress: localhost:63683}, javascriptEnabled: true, networkConnectionEnabled: false, pageLoadStrategy: normal, platform: WINDOWS, platformName: WINDOWS, proxy: Proxy(), setWindowRect: true, strictFileInteractability: false, timeouts: {implicit: 0, pageLoad: 300000, script: 30000}, unhandledPromptBehavior: dismiss and notify, webauthn:extension:largeBlob: true, webauthn:virtualAuthenticators: true}
Session ID: a6f80491874526c2c507ffacf805bda0
	at sun.reflect.NativeConstructorAccessorImpl.newInstance0(Native Method)
	at sun.reflect.NativeConstructorAccessorImpl.newInstance(NativeConstructorAccessorImpl.java:62)
	at sun.reflect.DelegatingConstructorAccessorImpl.newInstance(DelegatingConstructorAccessorImpl.java:45)
	at java.lang.reflect.Constructor.newInstance(Constructor.java:423)
	at org.openqa.selenium.remote.http.W3CHttpResponseCodec.createException(W3CHttpResponseCodec.java:187)
	at org.openqa.selenium.remote.http.W3CHttpResponseCodec.decode(W3CHttpResponseCodec.java:122)
	at org.openqa.selenium.remote.http.W3CHttpResponseCodec.decode(W3CHttpResponseCodec.java:49)
	at org.openqa.selenium.remote.HttpCommandExecutor.execute(HttpCommandExecutor.java:158)
	at org.openqa.selenium.remote.service.DriverCommandExecutor.execute(DriverCommandExecutor.java:83)
	at org.openqa.selenium.remote.RemoteWebDriver.execute(RemoteWebDriver.java:552)
	at org.openqa.selenium.remote.RemoteWebDriver.get(RemoteWebDriver.java:277)
	at com.SeleniumTopics.TestNg.TestNgLoadTesting.testGoogleSearch(TestNgLoadTesting.java:38)
	at sun.reflect.NativeMethodAccessorImpl.invoke0(Native Method)
	at sun.reflect.NativeMethodAccessorImpl.invoke(NativeMethodAccessorImpl.java:62)
	at sun.reflect.DelegatingMethodAccessorImpl.invoke(DelegatingMethodAccessorImpl.java:43)
	at java.lang.reflect.Method.invoke(Method.java:498)
	at org.testng.internal.MethodInvocationHelper.invokeMethod(MethodInvocationHelper.java:124)
	at org.testng.internal.Invoker.invokeMethod(Invoker.java:580)
	at org.testng.internal.Invoker.invokeTestMethod(Invoker.java:716)
	at org.testng.internal.Invoker.invokeTestMethods(Invoker.java:988)
	at org.testng.internal.TestMethodWorker.invokeTestMethods(TestMethodWorker.java:125)
	at org.testng.internal.TestMethodWorker.run(TestMethodWorker.java:109)
	at org.testng.internal.thread.ThreadUtil$1.call(ThreadUtil.java:52)
	at java.util.concurrent.FutureTask.run(FutureTask.java:266)
	at java.util.concurrent.ThreadPoolExecutor.runWorker(ThreadPoolExecutor.java:1142)
	at java.util.concurrent.ThreadPoolExecutor$Worker.run(ThreadPoolExecutor.java:617)
	at java.lang.Thread.run(Thread.java:745)
</pre></div><a href='#' onClick='toggleBox("stack-trace1975805027", this, "Click to show all stack frames", "Click to hide stack frames")'>Click to show all stack frames</a>
<div class='stack-trace' id='stack-trace1975805027'><pre>org.openqa.selenium.WebDriverException: unknown error: cannot determine loading status
from disconnected: received Inspector.detached event
  (Session info: chrome=89.0.4389.82)
Build info: version: &apos;3.141.59&apos;, revision: &apos;e82be7d358&apos;, time: &apos;2018-11-14T08:17:03&apos;
System info: host: &apos;DESKTOP-A9DN365&apos;, ip: &apos;192.168.1.4&apos;, os.name: &apos;Windows 10&apos;, os.arch: &apos;amd64&apos;, os.version: &apos;10.0&apos;, java.version: &apos;1.8.0_91&apos;
Driver info: org.openqa.selenium.chrome.ChromeDriver
Capabilities {acceptInsecureCerts: false, browserName: chrome, browserVersion: 89.0.4389.82, chrome: {chromedriverVersion: 89.0.4389.23 (61b08ee2c5002..., userDataDir: C:\Users\raghu\AppData\Loca...}, goog:chromeOptions: {debuggerAddress: localhost:63683}, javascriptEnabled: true, networkConnectionEnabled: false, pageLoadStrategy: normal, platform: WINDOWS, platformName: WINDOWS, proxy: Proxy(), setWindowRect: true, strictFileInteractability: false, timeouts: {implicit: 0, pageLoad: 300000, script: 30000}, unhandledPromptBehavior: dismiss and notify, webauthn:extension:largeBlob: true, webauthn:virtualAuthenticators: true}
Session ID: a6f80491874526c2c507ffacf805bda0
	at sun.reflect.NativeConstructorAccessorImpl.newInstance0(Native Method)
	at sun.reflect.NativeConstructorAccessorImpl.newInstance(NativeConstructorAccessorImpl.java:62)
	at sun.reflect.DelegatingConstructorAccessorImpl.newInstance(DelegatingConstructorAccessorImpl.java:45)
	at java.lang.reflect.Constructor.newInstance(Constructor.java:423)
	at org.openqa.selenium.remote.http.W3CHttpResponseCodec.createException(W3CHttpResponseCodec.java:187)
	at org.openqa.selenium.remote.http.W3CHttpResponseCodec.decode(W3CHttpResponseCodec.java:122)
	at org.openqa.selenium.remote.http.W3CHttpResponseCodec.decode(W3CHttpResponseCodec.java:49)
	at org.openqa.selenium.remote.HttpCommandExecutor.execute(HttpCommandExecutor.java:158)
	at org.openqa.selenium.remote.service.DriverCommandExecutor.execute(DriverCommandExecutor.java:83)
	at org.openqa.selenium.remote.RemoteWebDriver.execute(RemoteWebDriver.java:552)
	at org.openqa.selenium.remote.RemoteWebDriver.get(RemoteWebDriver.java:277)
	at com.SeleniumTopics.TestNg.TestNgLoadTesting.testGoogleSearch(TestNgLoadTesting.java:38)
	at sun.reflect.NativeMethodAccessorImpl.invoke0(Native Method)
	at sun.reflect.NativeMethodAccessorImpl.invoke(NativeMethodAccessorImpl.java:62)
	at sun.reflect.DelegatingMethodAccessorImpl.invoke(DelegatingMethodAccessorImpl.java:43)
	at java.lang.reflect.Method.invoke(Method.java:498)
	at org.testng.internal.MethodInvocationHelper.invokeMethod(MethodInvocationHelper.java:124)
	at org.testng.internal.Invoker.invokeMethod(Invoker.java:580)
	at org.testng.internal.Invoker.invokeTestMethod(Invoker.java:716)
	at org.testng.internal.Invoker.invokeTestMethods(Invoker.java:988)
	at org.testng.internal.TestMethodWorker.invokeTestMethods(TestMethodWorker.java:125)
	at org.testng.internal.TestMethodWorker.run(TestMethodWorker.java:109)
	at org.testng.internal.thread.ThreadUtil$1.call(ThreadUtil.java:52)
	at java.util.concurrent.FutureTask.run(FutureTask.java:266)
	at java.util.concurrent.ThreadPoolExecutor.runWorker(ThreadPoolExecutor.java:1142)
	at java.util.concurrent.ThreadPoolExecutor$Worker.run(ThreadPoolExecutor.java:617)
	at java.lang.Thread.run(Thread.java:745)
</pre></div></td>
<td>75</td>
<td>com.SeleniumTopics.TestNg.TestNgLoadTesting@5ce81285</td></tr>
<tr>
<td title='com.SeleniumTopics.TestNg.TestNgLoadTesting.testGoogleSearch()'><b>testGoogleSearch</b><br>Test class: com.SeleniumTopics.TestNg.TestNgLoadTesting</td>
<td><div><pre>org.openqa.selenium.SessionNotCreatedException: session not created
from disconnected: received Inspector.detached event
  (Session info: chrome=89.0.4389.82)
Build info: version: &apos;3.141.59&apos;, revision: &apos;e82be7d358&apos;, time: &apos;2018-11-14T08:17:03&apos;
System info: host: &apos;DESKTOP-A9DN365&apos;, ip: &apos;192.168.1.4&apos;, os.name: &apos;Windows 10&apos;, os.arch: &apos;amd64&apos;, os.version: &apos;10.0&apos;, java.version: &apos;1.8.0_91&apos;
Driver info: driver.version: ChromeDriver
remote stacktrace: Backtrace:
	Ordinal0 [0x008AE7D3+124883]
	Ordinal0 [0x008AE7B1+124849]
	GetHandleVerifier [0x00AF8688+193832]
	GetHandleVerifier [0x00AECB71+145937]
	GetHandleVerifier [0x00AEC7F9+145049]
	GetHandleVerifier [0x00AEBF7D+142877]
	GetHandleVerifier [0x00AEB45E+140030]
	GetHandleVerifier [0x00AEB6E6+140678]
	GetHandleVerifier [0x00AEB025+138949]
	GetHandleVerifier [0x00AF4679+177433]
	GetHandleVerifier [0x00AEAFE1+138881]
	GetHandleVerifier [0x00AEBD62+142338]
	GetHandleVerifier [0x00AEB45E+140030]
	GetHandleVerifier [0x00AEB6E6+140678]
	GetHandleVerifier [0x00AEB025+138949]
	GetHandleVerifier [0x00AF2A0A+170154]
	GetHandleVerifier [0x00AEAFE1+138881]
	GetHandleVerifier [0x00AEBD62+142338]
	GetHandleVerifier [0x00AEB45E+140030]
	GetHandleVerifier [0x00AEB6E6+140678]
	GetHandleVerifier [0x00AEB025+138949]
	GetHandleVerifier [0x00AF0D69+162825]
	GetHandleVerifier [0x00AEAFE1+138881]
	GetHandleVerifier [0x00AEBD62+142338]
	GetHandleVerifier [0x00AEB45E+140030]
	GetHandleVerifier [0x00AEB6E6+140678]
	GetHandleVerifier [0x00AEB025+138949]
	GetHandleVerifier [0x00AF017C+159772]
	GetHandleVerifier [0x00AEAFE1+138881]
	GetHandleVerifier [0x00AEBD62+142338]
	GetHandleVerifier [0x00AEB45E+140030]
	GetHandleVerifier [0x00AEB6E6+140678]
	GetHandleVerifier [0x00AEB025+138949]
	GetHandleVerifier [0x00AE76ED+124301]
	GetHandleVerifier [0x00AEAFE1+138881]
	GetHandleVerifier [0x00AEAE03+138403]
	GetHandleVerifier [0x00AEABF7+137879]
	GetHandleVerifier [0x00AF9930+198608]
	GetHandleVerifier [0x00B35758+443896]
	GetHandleVerifier [0x00B347FC+439964]
	GetHandleVerifier [0x00B3154B+426987]
	GetHandleVerifier [0x00B14FFD+310941]
	GetHandleVerifier [0x00B15D8E+314414]
	GetHandleVerifier [0x00B15D19+314297]
	GetHandleVerifier [0x00BD31EC+1089676]
	GetHandleVerifier [0x00BD17C9+1082985]
	GetHandleVerifier [0x00BD13A3+1081923]
	GetHandleVerifier [0x00CCD9FD+2115741]
	Ordinal0 [0x009FB82E+1488942]
	Ordinal0 [0x00995A7D+1071741]
	Ordinal0 [0x0099559B+1070491]
	Ordinal0 [0x009954B1+1070257]
	Ordinal0 [0x009CFF53+1310547]
	BaseThreadInitThunk [0x7576FA29+25]
	RtlGetAppContainerNamedObjectPath [0x772F7C7E+286]
	RtlGetAppContainerNamedObjectPath [0x772F7C4E+238]

	at sun.reflect.NativeConstructorAccessorImpl.newInstance0(Native Method)
	at sun.reflect.NativeConstructorAccessorImpl.newInstance(NativeConstructorAccessorImpl.java:62)
	at sun.reflect.DelegatingConstructorAccessorImpl.newInstance(DelegatingConstructorAccessorImpl.java:45)
	at java.lang.reflect.Constructor.newInstance(Constructor.java:423)
	at org.openqa.selenium.remote.W3CHandshakeResponse.lambda$errorHandler$0(W3CHandshakeResponse.java:62)
	at org.openqa.selenium.remote.HandshakeResponse.lambda$getResponseFunction$0(HandshakeResponse.java:30)
	at org.openqa.selenium.remote.ProtocolHandshake.lambda$createSession$0(ProtocolHandshake.java:126)
	at java.util.stream.ReferencePipeline$3$1.accept(ReferencePipeline.java:193)
	at java.util.Spliterators$ArraySpliterator.tryAdvance(Spliterators.java:958)
	at java.util.stream.ReferencePipeline.forEachWithCancel(ReferencePipeline.java:126)
	at java.util.stream.AbstractPipeline.copyIntoWithCancel(AbstractPipeline.java:498)
	at java.util.stream.AbstractPipeline.copyInto(AbstractPipeline.java:485)
	at java.util.stream.AbstractPipeline.wrapAndCopyInto(AbstractPipeline.java:471)
	at java.util.stream.FindOps$FindOp.evaluateSequential(FindOps.java:152)
	at java.util.stream.AbstractPipeline.evaluate(AbstractPipeline.java:234)
	at java.util.stream.ReferencePipeline.findFirst(ReferencePipeline.java:464)
	at org.openqa.selenium.remote.ProtocolHandshake.createSession(ProtocolHandshake.java:128)
	at org.openqa.selenium.remote.ProtocolHandshake.createSession(ProtocolHandshake.java:74)
	at org.openqa.selenium.remote.HttpCommandExecutor.execute(HttpCommandExecutor.java:136)
	at org.openqa.selenium.remote.service.DriverCommandExecutor.execute(DriverCommandExecutor.java:83)
	at org.openqa.selenium.remote.RemoteWebDriver.execute(RemoteWebDriver.java:552)
	at org.openqa.selenium.remote.RemoteWebDriver.startSession(RemoteWebDriver.java:213)
	at org.openqa.selenium.remote.RemoteWebDriver.&lt;init&gt;(RemoteWebDriver.java:131)
	at org.openqa.selenium.chrome.ChromeDriver.&lt;init&gt;(ChromeDriver.java:181)
	at org.openqa.selenium.chrome.ChromeDriver.&lt;init&gt;(ChromeDriver.java:168)
	at org.openqa.selenium.chrome.ChromeDriver.&lt;init&gt;(ChromeDriver.java:123)
	at com.SeleniumTopics.TestNg.TestNgLoadTesting.testGoogleSearch(TestNgLoadTesting.java:34)
	at sun.reflect.NativeMethodAccessorImpl.invoke0(Native Method)
	at sun.reflect.NativeMethodAccessorImpl.invoke(NativeMethodAccessorImpl.java:62)
	at sun.reflect.DelegatingMethodAccessorImpl.invoke(DelegatingMethodAccessorImpl.java:43)
	at java.lang.reflect.Method.invoke(Method.java:498)
	at org.testng.internal.MethodInvocationHelper.invokeMethod(MethodInvocationHelper.java:124)
	at org.testng.internal.Invoker.invokeMethod(Invoker.java:580)
	at org.testng.internal.Invoker.invokeTestMethod(Invoker.java:716)
	at org.testng.internal.Invoker.invokeTestMethods(Invoker.java:988)
	at org.testng.internal.TestMethodWorker.invokeTestMethods(TestMethodWorker.java:125)
	at org.testng.internal.TestMethodWorker.run(TestMethodWorker.java:109)
	at org.testng.internal.thread.ThreadUtil$1.call(ThreadUtil.java:52)
	at java.util.concurrent.FutureTask.run(FutureTask.java:266)
	at java.util.concurrent.ThreadPoolExecutor.runWorker(ThreadPoolExecutor.java:1142)
	at java.util.concurrent.ThreadPoolExecutor$Worker.run(ThreadPoolExecutor.java:617)
	at java.lang.Thread.run(Thread.java:745)
</pre></div><a href='#' onClick='toggleBox("stack-trace1028294727", this, "Click to show all stack frames", "Click to hide stack frames")'>Click to show all stack frames</a>
<div class='stack-trace' id='stack-trace1028294727'><pre>org.openqa.selenium.SessionNotCreatedException: session not created
from disconnected: received Inspector.detached event
  (Session info: chrome=89.0.4389.82)
Build info: version: &apos;3.141.59&apos;, revision: &apos;e82be7d358&apos;, time: &apos;2018-11-14T08:17:03&apos;
System info: host: &apos;DESKTOP-A9DN365&apos;, ip: &apos;192.168.1.4&apos;, os.name: &apos;Windows 10&apos;, os.arch: &apos;amd64&apos;, os.version: &apos;10.0&apos;, java.version: &apos;1.8.0_91&apos;
Driver info: driver.version: ChromeDriver
remote stacktrace: Backtrace:
	Ordinal0 [0x008AE7D3+124883]
	Ordinal0 [0x008AE7B1+124849]
	GetHandleVerifier [0x00AF8688+193832]
	GetHandleVerifier [0x00AECB71+145937]
	GetHandleVerifier [0x00AEC7F9+145049]
	GetHandleVerifier [0x00AEBF7D+142877]
	GetHandleVerifier [0x00AEB45E+140030]
	GetHandleVerifier [0x00AEB6E6+140678]
	GetHandleVerifier [0x00AEB025+138949]
	GetHandleVerifier [0x00AF4679+177433]
	GetHandleVerifier [0x00AEAFE1+138881]
	GetHandleVerifier [0x00AEBD62+142338]
	GetHandleVerifier [0x00AEB45E+140030]
	GetHandleVerifier [0x00AEB6E6+140678]
	GetHandleVerifier [0x00AEB025+138949]
	GetHandleVerifier [0x00AF2A0A+170154]
	GetHandleVerifier [0x00AEAFE1+138881]
	GetHandleVerifier [0x00AEBD62+142338]
	GetHandleVerifier [0x00AEB45E+140030]
	GetHandleVerifier [0x00AEB6E6+140678]
	GetHandleVerifier [0x00AEB025+138949]
	GetHandleVerifier [0x00AF0D69+162825]
	GetHandleVerifier [0x00AEAFE1+138881]
	GetHandleVerifier [0x00AEBD62+142338]
	GetHandleVerifier [0x00AEB45E+140030]
	GetHandleVerifier [0x00AEB6E6+140678]
	GetHandleVerifier [0x00AEB025+138949]
	GetHandleVerifier [0x00AF017C+159772]
	GetHandleVerifier [0x00AEAFE1+138881]
	GetHandleVerifier [0x00AEBD62+142338]
	GetHandleVerifier [0x00AEB45E+140030]
	GetHandleVerifier [0x00AEB6E6+140678]
	GetHandleVerifier [0x00AEB025+138949]
	GetHandleVerifier [0x00AE76ED+124301]
	GetHandleVerifier [0x00AEAFE1+138881]
	GetHandleVerifier [0x00AEAE03+138403]
	GetHandleVerifier [0x00AEABF7+137879]
	GetHandleVerifier [0x00AF9930+198608]
	GetHandleVerifier [0x00B35758+443896]
	GetHandleVerifier [0x00B347FC+439964]
	GetHandleVerifier [0x00B3154B+426987]
	GetHandleVerifier [0x00B14FFD+310941]
	GetHandleVerifier [0x00B15D8E+314414]
	GetHandleVerifier [0x00B15D19+314297]
	GetHandleVerifier [0x00BD31EC+1089676]
	GetHandleVerifier [0x00BD17C9+1082985]
	GetHandleVerifier [0x00BD13A3+1081923]
	GetHandleVerifier [0x00CCD9FD+2115741]
	Ordinal0 [0x009FB82E+1488942]
	Ordinal0 [0x00995A7D+1071741]
	Ordinal0 [0x0099559B+1070491]
	Ordinal0 [0x009954B1+1070257]
	Ordinal0 [0x009CFF53+1310547]
	BaseThreadInitThunk [0x7576FA29+25]
	RtlGetAppContainerNamedObjectPath [0x772F7C7E+286]
	RtlGetAppContainerNamedObjectPath [0x772F7C4E+238]

	at sun.reflect.NativeConstructorAccessorImpl.newInstance0(Native Method)
	at sun.reflect.NativeConstructorAccessorImpl.newInstance(NativeConstructorAccessorImpl.java:62)
	at sun.reflect.DelegatingConstructorAccessorImpl.newInstance(DelegatingConstructorAccessorImpl.java:45)
	at java.lang.reflect.Constructor.newInstance(Constructor.java:423)
	at org.openqa.selenium.remote.W3CHandshakeResponse.lambda$errorHandler$0(W3CHandshakeResponse.java:62)
	at org.openqa.selenium.remote.HandshakeResponse.lambda$getResponseFunction$0(HandshakeResponse.java:30)
	at org.openqa.selenium.remote.ProtocolHandshake.lambda$createSession$0(ProtocolHandshake.java:126)
	at java.util.stream.ReferencePipeline$3$1.accept(ReferencePipeline.java:193)
	at java.util.Spliterators$ArraySpliterator.tryAdvance(Spliterators.java:958)
	at java.util.stream.ReferencePipeline.forEachWithCancel(ReferencePipeline.java:126)
	at java.util.stream.AbstractPipeline.copyIntoWithCancel(AbstractPipeline.java:498)
	at java.util.stream.AbstractPipeline.copyInto(AbstractPipeline.java:485)
	at java.util.stream.AbstractPipeline.wrapAndCopyInto(AbstractPipeline.java:471)
	at java.util.stream.FindOps$FindOp.evaluateSequential(FindOps.java:152)
	at java.util.stream.AbstractPipeline.evaluate(AbstractPipeline.java:234)
	at java.util.stream.ReferencePipeline.findFirst(ReferencePipeline.java:464)
	at org.openqa.selenium.remote.ProtocolHandshake.createSession(ProtocolHandshake.java:128)
	at org.openqa.selenium.remote.ProtocolHandshake.createSession(ProtocolHandshake.java:74)
	at org.openqa.selenium.remote.HttpCommandExecutor.execute(HttpCommandExecutor.java:136)
	at org.openqa.selenium.remote.service.DriverCommandExecutor.execute(DriverCommandExecutor.java:83)
	at org.openqa.selenium.remote.RemoteWebDriver.execute(RemoteWebDriver.java:552)
	at org.openqa.selenium.remote.RemoteWebDriver.startSession(RemoteWebDriver.java:213)
	at org.openqa.selenium.remote.RemoteWebDriver.&lt;init&gt;(RemoteWebDriver.java:131)
	at org.openqa.selenium.chrome.ChromeDriver.&lt;init&gt;(ChromeDriver.java:181)
	at org.openqa.selenium.chrome.ChromeDriver.&lt;init&gt;(ChromeDriver.java:168)
	at org.openqa.selenium.chrome.ChromeDriver.&lt;init&gt;(ChromeDriver.java:123)
	at com.SeleniumTopics.TestNg.TestNgLoadTesting.testGoogleSearch(TestNgLoadTesting.java:34)
	at sun.reflect.NativeMethodAccessorImpl.invoke0(Native Method)
	at sun.reflect.NativeMethodAccessorImpl.invoke(NativeMethodAccessorImpl.java:62)
	at sun.reflect.DelegatingMethodAccessorImpl.invoke(DelegatingMethodAccessorImpl.java:43)
	at java.lang.reflect.Method.invoke(Method.java:498)
	at org.testng.internal.MethodInvocationHelper.invokeMethod(MethodInvocationHelper.java:124)
	at org.testng.internal.Invoker.invokeMethod(Invoker.java:580)
	at org.testng.internal.Invoker.invokeTestMethod(Invoker.java:716)
	at org.testng.internal.Invoker.invokeTestMethods(Invoker.java:988)
	at org.testng.internal.TestMethodWorker.invokeTestMethods(TestMethodWorker.java:125)
	at org.testng.internal.TestMethodWorker.run(TestMethodWorker.java:109)
	at org.testng.internal.thread.ThreadUtil$1.call(ThreadUtil.java:52)
	at java.util.concurrent.FutureTask.run(FutureTask.java:266)
	at java.util.concurrent.ThreadPoolExecutor.runWorker(ThreadPoolExecutor.java:1142)
	at java.util.concurrent.ThreadPoolExecutor$Worker.run(ThreadPoolExecutor.java:617)
	at java.lang.Thread.run(Thread.java:745)
</pre></div></td>
<td>93</td>
<td>com.SeleniumTopics.TestNg.TestNgLoadTesting@5ce81285</td></tr>
<tr>
<td title='com.SeleniumTopics.TestNg.TestNgLoadTesting.testGoogleSearch()'><b>testGoogleSearch</b><br>Test class: com.SeleniumTopics.TestNg.TestNgLoadTesting</td>
<td><div><pre>org.openqa.selenium.SessionNotCreatedException: session not created
from disconnected: received Inspector.detached event
  (Session info: chrome=89.0.4389.82)
Build info: version: &apos;3.141.59&apos;, revision: &apos;e82be7d358&apos;, time: &apos;2018-11-14T08:17:03&apos;
System info: host: &apos;DESKTOP-A9DN365&apos;, ip: &apos;192.168.1.4&apos;, os.name: &apos;Windows 10&apos;, os.arch: &apos;amd64&apos;, os.version: &apos;10.0&apos;, java.version: &apos;1.8.0_91&apos;
Driver info: driver.version: ChromeDriver
remote stacktrace: Backtrace:
	Ordinal0 [0x008AE7D3+124883]
	Ordinal0 [0x008AE7B1+124849]
	GetHandleVerifier [0x00AF8688+193832]
	GetHandleVerifier [0x00AECB71+145937]
	GetHandleVerifier [0x00AEC7F9+145049]
	GetHandleVerifier [0x00AEBF7D+142877]
	GetHandleVerifier [0x00AEB45E+140030]
	GetHandleVerifier [0x00AEB6E6+140678]
	GetHandleVerifier [0x00AEB025+138949]
	GetHandleVerifier [0x00AF4679+177433]
	GetHandleVerifier [0x00AEAFE1+138881]
	GetHandleVerifier [0x00AEBD62+142338]
	GetHandleVerifier [0x00AEB45E+140030]
	GetHandleVerifier [0x00AEB6E6+140678]
	GetHandleVerifier [0x00AEB025+138949]
	GetHandleVerifier [0x00AF2A0A+170154]
	GetHandleVerifier [0x00AEAFE1+138881]
	GetHandleVerifier [0x00AEBD62+142338]
	GetHandleVerifier [0x00AEB45E+140030]
	GetHandleVerifier [0x00AEB6E6+140678]
	GetHandleVerifier [0x00AEB025+138949]
	GetHandleVerifier [0x00AF0D69+162825]
	GetHandleVerifier [0x00AEAFE1+138881]
	GetHandleVerifier [0x00AEBD62+142338]
	GetHandleVerifier [0x00AEB45E+140030]
	GetHandleVerifier [0x00AEB6E6+140678]
	GetHandleVerifier [0x00AEB025+138949]
	GetHandleVerifier [0x00AF017C+159772]
	GetHandleVerifier [0x00AEAFE1+138881]
	GetHandleVerifier [0x00AEBD62+142338]
	GetHandleVerifier [0x00AEB45E+140030]
	GetHandleVerifier [0x00AEB6E6+140678]
	GetHandleVerifier [0x00AEB025+138949]
	GetHandleVerifier [0x00AE76ED+124301]
	GetHandleVerifier [0x00AEAFE1+138881]
	GetHandleVerifier [0x00AEAE03+138403]
	GetHandleVerifier [0x00AEABF7+137879]
	GetHandleVerifier [0x00AF9930+198608]
	GetHandleVerifier [0x00B35758+443896]
	GetHandleVerifier [0x00B347FC+439964]
	GetHandleVerifier [0x00B3154B+426987]
	GetHandleVerifier [0x00B14FFD+310941]
	GetHandleVerifier [0x00B15D8E+314414]
	GetHandleVerifier [0x00B15D19+314297]
	GetHandleVerifier [0x00BD31EC+1089676]
	GetHandleVerifier [0x00BD17C9+1082985]
	GetHandleVerifier [0x00BD13A3+1081923]
	GetHandleVerifier [0x00CCD9FD+2115741]
	Ordinal0 [0x009FB82E+1488942]
	Ordinal0 [0x00995A7D+1071741]
	Ordinal0 [0x0099559B+1070491]
	Ordinal0 [0x009954B1+1070257]
	Ordinal0 [0x009CFF53+1310547]
	BaseThreadInitThunk [0x7576FA29+25]
	RtlGetAppContainerNamedObjectPath [0x772F7C7E+286]
	RtlGetAppContainerNamedObjectPath [0x772F7C4E+238]

	at sun.reflect.NativeConstructorAccessorImpl.newInstance0(Native Method)
	at sun.reflect.NativeConstructorAccessorImpl.newInstance(NativeConstructorAccessorImpl.java:62)
	at sun.reflect.DelegatingConstructorAccessorImpl.newInstance(DelegatingConstructorAccessorImpl.java:45)
	at java.lang.reflect.Constructor.newInstance(Constructor.java:423)
	at org.openqa.selenium.remote.W3CHandshakeResponse.lambda$errorHandler$0(W3CHandshakeResponse.java:62)
	at org.openqa.selenium.remote.HandshakeResponse.lambda$getResponseFunction$0(HandshakeResponse.java:30)
	at org.openqa.selenium.remote.ProtocolHandshake.lambda$createSession$0(ProtocolHandshake.java:126)
	at java.util.stream.ReferencePipeline$3$1.accept(ReferencePipeline.java:193)
	at java.util.Spliterators$ArraySpliterator.tryAdvance(Spliterators.java:958)
	at java.util.stream.ReferencePipeline.forEachWithCancel(ReferencePipeline.java:126)
	at java.util.stream.AbstractPipeline.copyIntoWithCancel(AbstractPipeline.java:498)
	at java.util.stream.AbstractPipeline.copyInto(AbstractPipeline.java:485)
	at java.util.stream.AbstractPipeline.wrapAndCopyInto(AbstractPipeline.java:471)
	at java.util.stream.FindOps$FindOp.evaluateSequential(FindOps.java:152)
	at java.util.stream.AbstractPipeline.evaluate(AbstractPipeline.java:234)
	at java.util.stream.ReferencePipeline.findFirst(ReferencePipeline.java:464)
	at org.openqa.selenium.remote.ProtocolHandshake.createSession(ProtocolHandshake.java:128)
	at org.openqa.selenium.remote.ProtocolHandshake.createSession(ProtocolHandshake.java:74)
	at org.openqa.selenium.remote.HttpCommandExecutor.execute(HttpCommandExecutor.java:136)
	at org.openqa.selenium.remote.service.DriverCommandExecutor.execute(DriverCommandExecutor.java:83)
	at org.openqa.selenium.remote.RemoteWebDriver.execute(RemoteWebDriver.java:552)
	at org.openqa.selenium.remote.RemoteWebDriver.startSession(RemoteWebDriver.java:213)
	at org.openqa.selenium.remote.RemoteWebDriver.&lt;init&gt;(RemoteWebDriver.java:131)
	at org.openqa.selenium.chrome.ChromeDriver.&lt;init&gt;(ChromeDriver.java:181)
	at org.openqa.selenium.chrome.ChromeDriver.&lt;init&gt;(ChromeDriver.java:168)
	at org.openqa.selenium.chrome.ChromeDriver.&lt;init&gt;(ChromeDriver.java:123)
	at com.SeleniumTopics.TestNg.TestNgLoadTesting.testGoogleSearch(TestNgLoadTesting.java:34)
	at sun.reflect.NativeMethodAccessorImpl.invoke0(Native Method)
	at sun.reflect.NativeMethodAccessorImpl.invoke(NativeMethodAccessorImpl.java:62)
	at sun.reflect.DelegatingMethodAccessorImpl.invoke(DelegatingMethodAccessorImpl.java:43)
	at java.lang.reflect.Method.invoke(Method.java:498)
	at org.testng.internal.MethodInvocationHelper.invokeMethod(MethodInvocationHelper.java:124)
	at org.testng.internal.Invoker.invokeMethod(Invoker.java:580)
	at org.testng.internal.Invoker.invokeTestMethod(Invoker.java:716)
	at org.testng.internal.Invoker.invokeTestMethods(Invoker.java:988)
	at org.testng.internal.TestMethodWorker.invokeTestMethods(TestMethodWorker.java:125)
	at org.testng.internal.TestMethodWorker.run(TestMethodWorker.java:109)
	at org.testng.internal.thread.ThreadUtil$1.call(ThreadUtil.java:52)
	at java.util.concurrent.FutureTask.run(FutureTask.java:266)
	at java.util.concurrent.ThreadPoolExecutor.runWorker(ThreadPoolExecutor.java:1142)
	at java.util.concurrent.ThreadPoolExecutor$Worker.run(ThreadPoolExecutor.java:617)
	at java.lang.Thread.run(Thread.java:745)
</pre></div><a href='#' onClick='toggleBox("stack-trace1486828180", this, "Click to show all stack frames", "Click to hide stack frames")'>Click to show all stack frames</a>
<div class='stack-trace' id='stack-trace1486828180'><pre>org.openqa.selenium.SessionNotCreatedException: session not created
from disconnected: received Inspector.detached event
  (Session info: chrome=89.0.4389.82)
Build info: version: &apos;3.141.59&apos;, revision: &apos;e82be7d358&apos;, time: &apos;2018-11-14T08:17:03&apos;
System info: host: &apos;DESKTOP-A9DN365&apos;, ip: &apos;192.168.1.4&apos;, os.name: &apos;Windows 10&apos;, os.arch: &apos;amd64&apos;, os.version: &apos;10.0&apos;, java.version: &apos;1.8.0_91&apos;
Driver info: driver.version: ChromeDriver
remote stacktrace: Backtrace:
	Ordinal0 [0x008AE7D3+124883]
	Ordinal0 [0x008AE7B1+124849]
	GetHandleVerifier [0x00AF8688+193832]
	GetHandleVerifier [0x00AECB71+145937]
	GetHandleVerifier [0x00AEC7F9+145049]
	GetHandleVerifier [0x00AEBF7D+142877]
	GetHandleVerifier [0x00AEB45E+140030]
	GetHandleVerifier [0x00AEB6E6+140678]
	GetHandleVerifier [0x00AEB025+138949]
	GetHandleVerifier [0x00AF4679+177433]
	GetHandleVerifier [0x00AEAFE1+138881]
	GetHandleVerifier [0x00AEBD62+142338]
	GetHandleVerifier [0x00AEB45E+140030]
	GetHandleVerifier [0x00AEB6E6+140678]
	GetHandleVerifier [0x00AEB025+138949]
	GetHandleVerifier [0x00AF2A0A+170154]
	GetHandleVerifier [0x00AEAFE1+138881]
	GetHandleVerifier [0x00AEBD62+142338]
	GetHandleVerifier [0x00AEB45E+140030]
	GetHandleVerifier [0x00AEB6E6+140678]
	GetHandleVerifier [0x00AEB025+138949]
	GetHandleVerifier [0x00AF0D69+162825]
	GetHandleVerifier [0x00AEAFE1+138881]
	GetHandleVerifier [0x00AEBD62+142338]
	GetHandleVerifier [0x00AEB45E+140030]
	GetHandleVerifier [0x00AEB6E6+140678]
	GetHandleVerifier [0x00AEB025+138949]
	GetHandleVerifier [0x00AF017C+159772]
	GetHandleVerifier [0x00AEAFE1+138881]
	GetHandleVerifier [0x00AEBD62+142338]
	GetHandleVerifier [0x00AEB45E+140030]
	GetHandleVerifier [0x00AEB6E6+140678]
	GetHandleVerifier [0x00AEB025+138949]
	GetHandleVerifier [0x00AE76ED+124301]
	GetHandleVerifier [0x00AEAFE1+138881]
	GetHandleVerifier [0x00AEAE03+138403]
	GetHandleVerifier [0x00AEABF7+137879]
	GetHandleVerifier [0x00AF9930+198608]
	GetHandleVerifier [0x00B35758+443896]
	GetHandleVerifier [0x00B347FC+439964]
	GetHandleVerifier [0x00B3154B+426987]
	GetHandleVerifier [0x00B14FFD+310941]
	GetHandleVerifier [0x00B15D8E+314414]
	GetHandleVerifier [0x00B15D19+314297]
	GetHandleVerifier [0x00BD31EC+1089676]
	GetHandleVerifier [0x00BD17C9+1082985]
	GetHandleVerifier [0x00BD13A3+1081923]
	GetHandleVerifier [0x00CCD9FD+2115741]
	Ordinal0 [0x009FB82E+1488942]
	Ordinal0 [0x00995A7D+1071741]
	Ordinal0 [0x0099559B+1070491]
	Ordinal0 [0x009954B1+1070257]
	Ordinal0 [0x009CFF53+1310547]
	BaseThreadInitThunk [0x7576FA29+25]
	RtlGetAppContainerNamedObjectPath [0x772F7C7E+286]
	RtlGetAppContainerNamedObjectPath [0x772F7C4E+238]

	at sun.reflect.NativeConstructorAccessorImpl.newInstance0(Native Method)
	at sun.reflect.NativeConstructorAccessorImpl.newInstance(NativeConstructorAccessorImpl.java:62)
	at sun.reflect.DelegatingConstructorAccessorImpl.newInstance(DelegatingConstructorAccessorImpl.java:45)
	at java.lang.reflect.Constructor.newInstance(Constructor.java:423)
	at org.openqa.selenium.remote.W3CHandshakeResponse.lambda$errorHandler$0(W3CHandshakeResponse.java:62)
	at org.openqa.selenium.remote.HandshakeResponse.lambda$getResponseFunction$0(HandshakeResponse.java:30)
	at org.openqa.selenium.remote.ProtocolHandshake.lambda$createSession$0(ProtocolHandshake.java:126)
	at java.util.stream.ReferencePipeline$3$1.accept(ReferencePipeline.java:193)
	at java.util.Spliterators$ArraySpliterator.tryAdvance(Spliterators.java:958)
	at java.util.stream.ReferencePipeline.forEachWithCancel(ReferencePipeline.java:126)
	at java.util.stream.AbstractPipeline.copyIntoWithCancel(AbstractPipeline.java:498)
	at java.util.stream.AbstractPipeline.copyInto(AbstractPipeline.java:485)
	at java.util.stream.AbstractPipeline.wrapAndCopyInto(AbstractPipeline.java:471)
	at java.util.stream.FindOps$FindOp.evaluateSequential(FindOps.java:152)
	at java.util.stream.AbstractPipeline.evaluate(AbstractPipeline.java:234)
	at java.util.stream.ReferencePipeline.findFirst(ReferencePipeline.java:464)
	at org.openqa.selenium.remote.ProtocolHandshake.createSession(ProtocolHandshake.java:128)
	at org.openqa.selenium.remote.ProtocolHandshake.createSession(ProtocolHandshake.java:74)
	at org.openqa.selenium.remote.HttpCommandExecutor.execute(HttpCommandExecutor.java:136)
	at org.openqa.selenium.remote.service.DriverCommandExecutor.execute(DriverCommandExecutor.java:83)
	at org.openqa.selenium.remote.RemoteWebDriver.execute(RemoteWebDriver.java:552)
	at org.openqa.selenium.remote.RemoteWebDriver.startSession(RemoteWebDriver.java:213)
	at org.openqa.selenium.remote.RemoteWebDriver.&lt;init&gt;(RemoteWebDriver.java:131)
	at org.openqa.selenium.chrome.ChromeDriver.&lt;init&gt;(ChromeDriver.java:181)
	at org.openqa.selenium.chrome.ChromeDriver.&lt;init&gt;(ChromeDriver.java:168)
	at org.openqa.selenium.chrome.ChromeDriver.&lt;init&gt;(ChromeDriver.java:123)
	at com.SeleniumTopics.TestNg.TestNgLoadTesting.testGoogleSearch(TestNgLoadTesting.java:34)
	at sun.reflect.NativeMethodAccessorImpl.invoke0(Native Method)
	at sun.reflect.NativeMethodAccessorImpl.invoke(NativeMethodAccessorImpl.java:62)
	at sun.reflect.DelegatingMethodAccessorImpl.invoke(DelegatingMethodAccessorImpl.java:43)
	at java.lang.reflect.Method.invoke(Method.java:498)
	at org.testng.internal.MethodInvocationHelper.invokeMethod(MethodInvocationHelper.java:124)
	at org.testng.internal.Invoker.invokeMethod(Invoker.java:580)
	at org.testng.internal.Invoker.invokeTestMethod(Invoker.java:716)
	at org.testng.internal.Invoker.invokeTestMethods(Invoker.java:988)
	at org.testng.internal.TestMethodWorker.invokeTestMethods(TestMethodWorker.java:125)
	at org.testng.internal.TestMethodWorker.run(TestMethodWorker.java:109)
	at org.testng.internal.thread.ThreadUtil$1.call(ThreadUtil.java:52)
	at java.util.concurrent.FutureTask.run(FutureTask.java:266)
	at java.util.concurrent.ThreadPoolExecutor.runWorker(ThreadPoolExecutor.java:1142)
	at java.util.concurrent.ThreadPoolExecutor$Worker.run(ThreadPoolExecutor.java:617)
	at java.lang.Thread.run(Thread.java:745)
</pre></div></td>
<td>95</td>
<td>com.SeleniumTopics.TestNg.TestNgLoadTesting@5ce81285</td></tr>
</table><p>
<table width='100%' border='1' class='invocation-passed'>
<tr><td colspan='4' align='center'><b>PASSED TESTS</b></td></tr>
<tr><td><b>Test method</b></td>
<td width="30%"><b>Exception</b></td>
<td width="10%"><b>Time (seconds)</b></td>
<td><b>Instance</b></td>
</tr>
<tr>
<td title='com.SeleniumTopics.TestNg.TestNgLoadTesting.test1()'><b>test1</b><br>Test class: com.SeleniumTopics.TestNg.TestNgLoadTesting</td>
<td></td>
<td>0</td>
<td>com.SeleniumTopics.TestNg.TestNgLoadTesting@5ce81285</td></tr>
<tr>
<td title='com.SeleniumTopics.TestNg.TestNgLoadTesting.test1()'><b>test1</b><br>Test class: com.SeleniumTopics.TestNg.TestNgLoadTesting</td>
<td></td>
<td>0</td>
<td>com.SeleniumTopics.TestNg.TestNgLoadTesting@5ce81285</td></tr>
<tr>
<td title='com.SeleniumTopics.TestNg.TestNgLoadTesting.test1()'><b>test1</b><br>Test class: com.SeleniumTopics.TestNg.TestNgLoadTesting</td>
<td></td>
<td>0</td>
<td>com.SeleniumTopics.TestNg.TestNgLoadTesting@5ce81285</td></tr>
<tr>
<td title='com.SeleniumTopics.TestNg.TestNgLoadTesting.test2()'><b>test2</b><br>Test class: com.SeleniumTopics.TestNg.TestNgLoadTesting</td>
<td></td>
<td>0</td>
<td>com.SeleniumTopics.TestNg.TestNgLoadTesting@5ce81285</td></tr>
<tr>
<td title='com.SeleniumTopics.TestNg.TestNgLoadTesting.test2()'><b>test2</b><br>Test class: com.SeleniumTopics.TestNg.TestNgLoadTesting</td>
<td></td>
<td>0</td>
<td>com.SeleniumTopics.TestNg.TestNgLoadTesting@5ce81285</td></tr>
<tr>
<td title='com.SeleniumTopics.TestNg.TestNgLoadTesting.test2()'><b>test2</b><br>Test class: com.SeleniumTopics.TestNg.TestNgLoadTesting</td>
<td></td>
<td>0</td>
<td>com.SeleniumTopics.TestNg.TestNgLoadTesting@5ce81285</td></tr>
</table><p>
</body>
</html>